{"uid":"e4f2be93e9a86b87","name":"testGetCheckItemsOnACard","fullName":"api.tests.api.CardsApiTest.testGetCheckItemsOnACard","historyId":"717fed0ad2acc6e2019d6d609d86744e","time":{"start":1744921309004,"stop":1744921309005,"duration":1},"description":"Get the checkItems on a Card","descriptionHtml":"<p>Get the checkItems on a Card</p>\n","status":"skipped","statusMessage":"Failed to parse the JSON document","statusTrace":"io.restassured.path.json.exception.JsonPathException: Failed to parse the JSON document\n\tat io.restassured.path.json.JsonPath$ExceptionCatcher.invoke(JsonPath.java:1002)\n\tat io.restassured.path.json.JsonPath$4.doParseWith(JsonPath.java:967)\n\tat io.restassured.path.json.JsonPath$JsonParser.parseWith(JsonPath.java:1047)\n\tat io.restassured.path.json.JsonPath.get(JsonPath.java:202)\n\tat io.restassured.path.json.JsonPath.getString(JsonPath.java:352)\n\tat api.controllers.BaseService.createABord(BaseService.java:36)\n\tat api.tests.api.CardsApiTest.setUp(CardsApiTest.java:26)\n\tat java.base/jdk.internal.reflect.NativeMethodAccessorImpl.invoke0(Native Method)\n\tat java.base/jdk.internal.reflect.NativeMethodAccessorImpl.invoke(NativeMethodAccessorImpl.java:77)\n\tat java.base/jdk.internal.reflect.DelegatingMethodAccessorImpl.invoke(DelegatingMethodAccessorImpl.java:43)\n\tat java.base/java.lang.reflect.Method.invoke(Method.java:568)\n\tat org.testng.internal.invokers.MethodInvocationHelper.invokeMethod(MethodInvocationHelper.java:141)\n\tat org.testng.internal.invokers.MethodInvocationHelper.invokeMethodConsideringTimeout(MethodInvocationHelper.java:71)\n\tat org.testng.internal.invokers.ConfigInvoker.invokeConfigurationMethod(ConfigInvoker.java:400)\n\tat org.testng.internal.invokers.ConfigInvoker.invokeConfigurations(ConfigInvoker.java:333)\n\tat org.testng.internal.invokers.TestMethodWorker.invokeBeforeClassMethods(TestMethodWorker.java:188)\n\tat org.testng.internal.invokers.TestMethodWorker.run(TestMethodWorker.java:128)\n\tat java.base/java.util.ArrayList.forEach(ArrayList.java:1511)\n\tat org.testng.TestRunner.privateRun(TestRunner.java:739)\n\tat org.testng.TestRunner.run(TestRunner.java:614)\n\tat org.testng.SuiteRunner.runTest(SuiteRunner.java:421)\n\tat org.testng.SuiteRunner.runSequentially(SuiteRunner.java:413)\n\tat org.testng.SuiteRunner.privateRun(SuiteRunner.java:373)\n\tat org.testng.SuiteRunner.run(SuiteRunner.java:312)\n\tat org.testng.SuiteRunnerWorker.runSuite(SuiteRunnerWorker.java:52)\n\tat org.testng.SuiteRunnerWorker.run(SuiteRunnerWorker.java:95)\n\tat org.testng.TestNG.runSuitesSequentially(TestNG.java:1274)\n\tat org.testng.TestNG.runSuitesLocally(TestNG.java:1208)\n\tat org.testng.TestNG.runSuites(TestNG.java:1112)\n\tat org.testng.TestNG.run(TestNG.java:1079)\n\tat org.apache.maven.surefire.testng.TestNGExecutor.run(TestNGExecutor.java:308)\n\tat org.apache.maven.surefire.testng.TestNGXmlTestSuite.execute(TestNGXmlTestSuite.java:71)\n\tat org.apache.maven.surefire.testng.TestNGProvider.invoke(TestNGProvider.java:113)\n\tat org.apache.maven.surefire.booter.ForkedBooter.runSuitesInProcess(ForkedBooter.java:385)\n\tat org.apache.maven.surefire.booter.ForkedBooter.execute(ForkedBooter.java:162)\n\tat org.apache.maven.surefire.booter.ForkedBooter.run(ForkedBooter.java:507)\n\tat org.apache.maven.surefire.booter.ForkedBooter.main(ForkedBooter.java:495)\nCaused by: groovy.json.JsonException: Lexing failed on line: 1, column: 1, while reading 'W', no possible valid JSON value or punctuation could be recognized.\n\tat groovy.json.JsonLexer.nextToken(JsonLexer.java:86)\n\tat groovy.json.JsonLexer$nextToken.call(Unknown Source)\n\tat io.restassured.internal.path.json.ConfigurableJsonSlurper.parse(ConfigurableJsonSlurper.groovy:97)\n\tat io.restassured.internal.path.json.ConfigurableJsonSlurper$parse.callCurrent(Unknown Source)\n\tat io.restassured.internal.path.json.ConfigurableJsonSlurper.parseText(ConfigurableJsonSlurper.groovy:83)\n\tat io.restassured.path.json.JsonPath$4$1.method(JsonPath.java:965)\n\tat io.restassured.path.json.JsonPath$ExceptionCatcher.invoke(JsonPath.java:1000)\n\t... 36 more\n","flaky":false,"newFailed":false,"newBroken":false,"newPassed":false,"retriesCount":0,"retriesStatusChange":false,"beforeStages":[{"name":"setUp","time":{"start":1744921308683,"stop":1744921308946,"duration":263},"description":"","status":"broken","statusMessage":"Failed to parse the JSON document","statusTrace":"io.restassured.path.json.exception.JsonPathException: Failed to parse the JSON document\n\tat io.restassured.path.json.JsonPath$ExceptionCatcher.invoke(JsonPath.java:1002)\n\tat io.restassured.path.json.JsonPath$4.doParseWith(JsonPath.java:967)\n\tat io.restassured.path.json.JsonPath$JsonParser.parseWith(JsonPath.java:1047)\n\tat io.restassured.path.json.JsonPath.get(JsonPath.java:202)\n\tat io.restassured.path.json.JsonPath.getString(JsonPath.java:352)\n\tat api.controllers.BaseService.createABord(BaseService.java:36)\n\tat api.tests.api.CardsApiTest.setUp(CardsApiTest.java:26)\n\tat java.base/jdk.internal.reflect.NativeMethodAccessorImpl.invoke0(Native Method)\n\tat java.base/jdk.internal.reflect.NativeMethodAccessorImpl.invoke(NativeMethodAccessorImpl.java:77)\n\tat java.base/jdk.internal.reflect.DelegatingMethodAccessorImpl.invoke(DelegatingMethodAccessorImpl.java:43)\n\tat java.base/java.lang.reflect.Method.invoke(Method.java:568)\n\tat org.testng.internal.invokers.MethodInvocationHelper.invokeMethod(MethodInvocationHelper.java:141)\n\tat org.testng.internal.invokers.MethodInvocationHelper.invokeMethodConsideringTimeout(MethodInvocationHelper.java:71)\n\tat org.testng.internal.invokers.ConfigInvoker.invokeConfigurationMethod(ConfigInvoker.java:400)\n\tat org.testng.internal.invokers.ConfigInvoker.invokeConfigurations(ConfigInvoker.java:333)\n\tat org.testng.internal.invokers.TestMethodWorker.invokeBeforeClassMethods(TestMethodWorker.java:188)\n\tat org.testng.internal.invokers.TestMethodWorker.run(TestMethodWorker.java:128)\n\tat java.base/java.util.ArrayList.forEach(ArrayList.java:1511)\n\tat org.testng.TestRunner.privateRun(TestRunner.java:739)\n\tat org.testng.TestRunner.run(TestRunner.java:614)\n\tat org.testng.SuiteRunner.runTest(SuiteRunner.java:421)\n\tat org.testng.SuiteRunner.runSequentially(SuiteRunner.java:413)\n\tat org.testng.SuiteRunner.privateRun(SuiteRunner.java:373)\n\tat org.testng.SuiteRunner.run(SuiteRunner.java:312)\n\tat org.testng.SuiteRunnerWorker.runSuite(SuiteRunnerWorker.java:52)\n\tat org.testng.SuiteRunnerWorker.run(SuiteRunnerWorker.java:95)\n\tat org.testng.TestNG.runSuitesSequentially(TestNG.java:1274)\n\tat org.testng.TestNG.runSuitesLocally(TestNG.java:1208)\n\tat org.testng.TestNG.runSuites(TestNG.java:1112)\n\tat org.testng.TestNG.run(TestNG.java:1079)\n\tat org.apache.maven.surefire.testng.TestNGExecutor.run(TestNGExecutor.java:308)\n\tat org.apache.maven.surefire.testng.TestNGXmlTestSuite.execute(TestNGXmlTestSuite.java:71)\n\tat org.apache.maven.surefire.testng.TestNGProvider.invoke(TestNGProvider.java:113)\n\tat org.apache.maven.surefire.booter.ForkedBooter.runSuitesInProcess(ForkedBooter.java:385)\n\tat org.apache.maven.surefire.booter.ForkedBooter.execute(ForkedBooter.java:162)\n\tat org.apache.maven.surefire.booter.ForkedBooter.run(ForkedBooter.java:507)\n\tat org.apache.maven.surefire.booter.ForkedBooter.main(ForkedBooter.java:495)\nCaused by: groovy.json.JsonException: Lexing failed on line: 1, column: 1, while reading 'W', no possible valid JSON value or punctuation could be recognized.\n\tat groovy.json.JsonLexer.nextToken(JsonLexer.java:86)\n\tat groovy.json.JsonLexer$nextToken.call(Unknown Source)\n\tat io.restassured.internal.path.json.ConfigurableJsonSlurper.parse(ConfigurableJsonSlurper.groovy:97)\n\tat io.restassured.internal.path.json.ConfigurableJsonSlurper$parse.callCurrent(Unknown Source)\n\tat io.restassured.internal.path.json.ConfigurableJsonSlurper.parseText(ConfigurableJsonSlurper.groovy:83)\n\tat io.restassured.path.json.JsonPath$4$1.method(JsonPath.java:965)\n\tat io.restassured.path.json.JsonPath$ExceptionCatcher.invoke(JsonPath.java:1000)\n\t... 36 more\n","steps":[{"name":"Create a board with a name {'boardName'}","time":{"start":1744921308683,"stop":1744921308945,"duration":262},"status":"broken","statusMessage":"Failed to parse the JSON document","statusTrace":"io.restassured.path.json.exception.JsonPathException: Failed to parse the JSON document\n\tat io.restassured.path.json.JsonPath$ExceptionCatcher.invoke(JsonPath.java:1002)\n\tat io.restassured.path.json.JsonPath$4.doParseWith(JsonPath.java:967)\n\tat io.restassured.path.json.JsonPath$JsonParser.parseWith(JsonPath.java:1047)\n\tat io.restassured.path.json.JsonPath.get(JsonPath.java:202)\n\tat io.restassured.path.json.JsonPath.getString(JsonPath.java:352)\n\tat api.controllers.BaseService.createABord(BaseService.java:36)\n\tat api.tests.api.CardsApiTest.setUp(CardsApiTest.java:26)\n\tat java.base/jdk.internal.reflect.NativeMethodAccessorImpl.invoke0(Native Method)\n\tat java.base/jdk.internal.reflect.NativeMethodAccessorImpl.invoke(NativeMethodAccessorImpl.java:77)\n\tat java.base/jdk.internal.reflect.DelegatingMethodAccessorImpl.invoke(DelegatingMethodAccessorImpl.java:43)\n\tat java.base/java.lang.reflect.Method.invoke(Method.java:568)\n\tat org.testng.internal.invokers.MethodInvocationHelper.invokeMethod(MethodInvocationHelper.java:141)\n\tat org.testng.internal.invokers.MethodInvocationHelper.invokeMethodConsideringTimeout(MethodInvocationHelper.java:71)\n\tat org.testng.internal.invokers.ConfigInvoker.invokeConfigurationMethod(ConfigInvoker.java:400)\n\tat org.testng.internal.invokers.ConfigInvoker.invokeConfigurations(ConfigInvoker.java:333)\n\tat org.testng.internal.invokers.TestMethodWorker.invokeBeforeClassMethods(TestMethodWorker.java:188)\n\tat org.testng.internal.invokers.TestMethodWorker.run(TestMethodWorker.java:128)\n\tat java.base/java.util.ArrayList.forEach(ArrayList.java:1511)\n\tat org.testng.TestRunner.privateRun(TestRunner.java:739)\n\tat org.testng.TestRunner.run(TestRunner.java:614)\n\tat org.testng.SuiteRunner.runTest(SuiteRunner.java:421)\n\tat org.testng.SuiteRunner.runSequentially(SuiteRunner.java:413)\n\tat org.testng.SuiteRunner.privateRun(SuiteRunner.java:373)\n\tat org.testng.SuiteRunner.run(SuiteRunner.java:312)\n\tat org.testng.SuiteRunnerWorker.runSuite(SuiteRunnerWorker.java:52)\n\tat org.testng.SuiteRunnerWorker.run(SuiteRunnerWorker.java:95)\n\tat org.testng.TestNG.runSuitesSequentially(TestNG.java:1274)\n\tat org.testng.TestNG.runSuitesLocally(TestNG.java:1208)\n\tat org.testng.TestNG.runSuites(TestNG.java:1112)\n\tat org.testng.TestNG.run(TestNG.java:1079)\n\tat org.apache.maven.surefire.testng.TestNGExecutor.run(TestNGExecutor.java:308)\n\tat org.apache.maven.surefire.testng.TestNGXmlTestSuite.execute(TestNGXmlTestSuite.java:71)\n\tat org.apache.maven.surefire.testng.TestNGProvider.invoke(TestNGProvider.java:113)\n\tat org.apache.maven.surefire.booter.ForkedBooter.runSuitesInProcess(ForkedBooter.java:385)\n\tat org.apache.maven.surefire.booter.ForkedBooter.execute(ForkedBooter.java:162)\n\tat org.apache.maven.surefire.booter.ForkedBooter.run(ForkedBooter.java:507)\n\tat org.apache.maven.surefire.booter.ForkedBooter.main(ForkedBooter.java:495)\nCaused by: groovy.json.JsonException: Lexing failed on line: 1, column: 1, while reading 'W', no possible valid JSON value or punctuation could be recognized.\n\tat groovy.json.JsonLexer.nextToken(JsonLexer.java:86)\n\tat groovy.json.JsonLexer$nextToken.call(Unknown Source)\n\tat io.restassured.internal.path.json.ConfigurableJsonSlurper.parse(ConfigurableJsonSlurper.groovy:97)\n\tat io.restassured.internal.path.json.ConfigurableJsonSlurper$parse.callCurrent(Unknown Source)\n\tat io.restassured.internal.path.json.ConfigurableJsonSlurper.parseText(ConfigurableJsonSlurper.groovy:83)\n\tat io.restassured.path.json.JsonPath$4$1.method(JsonPath.java:965)\n\tat io.restassured.path.json.JsonPath$ExceptionCatcher.invoke(JsonPath.java:1000)\n\t... 36 more\n","steps":[],"attachments":[{"uid":"a076b0fc1b9387e1","name":"Request","source":"a076b0fc1b9387e1.html","type":"text/html","size":629},{"uid":"b0b4e6f34c377ebf","name":"HTTP/1.1 400 Bad Request","source":"b0b4e6f34c377ebf.html","type":"text/html","size":3187}],"parameters":[{"name":"boardName","value":"Board for Cards"}],"shouldDisplayMessage":true,"stepsCount":0,"attachmentsCount":2,"hasContent":true,"attachmentStep":false}],"attachments":[],"parameters":[],"shouldDisplayMessage":false,"stepsCount":1,"attachmentsCount":2,"hasContent":true,"attachmentStep":false}],"afterStages":[{"name":"tearDown","time":{"start":1744921309052,"stop":1744921309052,"duration":0},"description":"","status":"broken","steps":[],"attachments":[],"parameters":[],"shouldDisplayMessage":false,"stepsCount":0,"attachmentsCount":0,"hasContent":false,"attachmentStep":false}],"labels":[{"name":"package","value":"api.tests.api.CardsApiTest"},{"name":"testClass","value":"api.tests.api.CardsApiTest"},{"name":"testMethod","value":"testGetCheckItemsOnACard"},{"name":"parentSuite","value":"All test"},{"name":"suite","value":"Tests API with xml"},{"name":"subSuite","value":"api.tests.api.CardsApiTest"},{"name":"host","value":"490046d262cc"},{"name":"thread","value":"82@490046d262cc.main(1)"},{"name":"framework","value":"testng"},{"name":"language","value":"java"},{"name":"story","value":"Verify checkItems on a card"},{"name":"epic","value":"API Tests"},{"name":"owner","value":"Group JavaForwardToOffer"},{"name":"feature","value":"Cards Validation"},{"name":"severity","value":"critical"},{"name":"resultFormat","value":"allure2"}],"parameters":[],"links":[],"hidden":false,"retry":false,"extra":{"severity":"critical","owner":"Group JavaForwardToOffer","retries":[],"categories":[],"history":{"statistic":{"failed":0,"broken":0,"skipped":3,"passed":4,"unknown":0,"total":7},"items":[{"uid":"5c13f3e669468d49","reportUrl":"https://RomanBurlaka78.github.io/JavaRestAssuredTrelloApi/150//#testresult/5c13f3e669468d49","status":"skipped","statusDetails":"Failed to parse the JSON document","time":{"start":1744747585500,"stop":1744747585501,"duration":1}},{"uid":"2672e21b5847c25a","reportUrl":"https://RomanBurlaka78.github.io/JavaRestAssuredTrelloApi/149//#testresult/2672e21b5847c25a","status":"skipped","statusDetails":"Failed to parse the JSON document","time":{"start":1744747506393,"stop":1744747506393,"duration":0}},{"uid":"34b4edc63df91933","reportUrl":"https://RomanBurlaka78.github.io/JavaRestAssuredTrelloApi/110//#testresult/34b4edc63df91933","status":"passed","time":{"start":1744317231710,"stop":1744317231820,"duration":110}},{"uid":"68dcc807fe3ad6f6","reportUrl":"https://RomanBurlaka78.github.io/JavaRestAssuredTrelloApi/107//#testresult/68dcc807fe3ad6f6","status":"passed","time":{"start":1744314157972,"stop":1744314158072,"duration":100}},{"uid":"e9da16d743d1120f","reportUrl":"https://RomanBurlaka78.github.io/JavaRestAssuredTrelloApi/106//#testresult/e9da16d743d1120f","status":"passed","time":{"start":1744309186492,"stop":1744309186609,"duration":117}},{"uid":"b5bed0d59813cc4e","reportUrl":"https://RomanBurlaka78.github.io/JavaRestAssuredTrelloApi/105//#testresult/b5bed0d59813cc4e","status":"passed","time":{"start":1744308978318,"stop":1744308978450,"duration":132}}]},"tags":[]},"source":"e4f2be93e9a86b87.json","parameterValues":[]}