{"uid":"4b4757e66a1912dae1a509f688f20b0f","children":[{"name":"Test defects","children":[{"name":"Invalid JSON expression:\nGeneral error during instruction selection: java.lang.ExceptionInInitializerError\n\njava.lang.RuntimeException: java.lang.ExceptionInInitializerError\n\tat org.codehaus.groovy.control.CompilationUnit$IPrimaryClassNodeOperation.doPhaseOperation(CompilationUnit.java:972)\n\tat org.codehaus.groovy.control.CompilationUnit.processPhaseOperations(CompilationUnit.java:692)\n\tat org.codehaus.groovy.control.CompilationUnit.compile(CompilationUnit.java:666)\n\tat groovy.lang.GroovyClassLoader.doParseClass(GroovyClassLoader.java:373)\n\tat groovy.lang.GroovyClassLoader.lambda$parseClass$2(GroovyClassLoader.java:316)\n\tat org.codehaus.groovy.runtime.memoize.StampedCommonCache.compute(StampedCommonCache.java:163)\n\tat org.codehaus.groovy.runtime.memoize.StampedCommonCache.getAndPut(StampedCommonCache.java:154)\n\tat groovy.lang.GroovyClassLoader.parseClass(GroovyClassLoader.java:314)\n\tat groovy.lang.GroovyShell.parseClass(GroovyShell.java:572)\n\tat groovy.lang.GroovyShell.parse(GroovyShell.java:585)\n\tat groovy.lang.GroovyShell.parse(GroovyShell.java:597)\n\tat groovy.lang.GroovyShell.evaluate(GroovyShell.java:459)\n\tat groovy.lang.GroovyShell.evaluate(GroovyShell.java:495)\n\tat groovy.lang.GroovyShell.evaluate(GroovyShell.java:469)\n\tat java.base/jdk.internal.reflect.NativeMethodAccessorImpl.invoke0(Native Method)\n\tat java.base/jdk.internal.reflect.NativeMethodAccessorImpl.invoke(NativeMethodAccessorImpl.java:77)\n\tat java.base/jdk.internal.reflect.DelegatingMethodAccessorImpl.invoke(DelegatingMethodAccessorImpl.java:43)\n\tat java.base/java.lang.reflect.Method.invoke(Method.java:568)\n\tat org.codehaus.groovy.runtime.callsite.PlainObjectMetaMethodSite.doInvoke(PlainObjectMetaMethodSite.java:43)\n\tat org.codehaus.groovy.runtime.callsite.PogoMetaMethodSite$PogoCachedMethodSiteNoUnwrap.invoke(PogoMetaMethodSite.java:186)\n\tat org.codehaus.groovy.runtime.callsite.PogoMetaMethodSite.call(PogoMetaMethodSite.java:75)\n\tat org.codehaus.groovy.runtime.callsite.CallSiteArray.defaultCall(CallSiteArray.java:45)\n\tat org.codehaus.groovy.runtime.callsite.AbstractCallSite.call(AbstractCallSite.java:125)\n\tat org.codehaus.groovy.runtime.callsite.AbstractCallSite.call(AbstractCallSite.java:139)\n\tat io.restassured.internal.path.json.JSONAssertion.eval(JSONAssertion.groovy:84)\n\tat io.restassured.internal.path.json.JSONAssertion.this$2$eval(JSONAssertion.groovy)\n\tat java.base/jdk.internal.reflect.NativeMethodAccessorImpl.invoke0(Native Method)\n\tat java.base/jdk.internal.reflect.NativeMethodAccessorImpl.invoke(NativeMethodAccessorImpl.java:77)\n\tat java.base/jdk.internal.reflect.DelegatingMethodAccessorImpl.invoke(DelegatingMethodAccessorImpl.java:43)\n\tat java.base/java.lang.reflect.Method.invoke(Method.java:568)\n\tat org.codehaus.groovy.runtime.callsite.PlainObjectMetaMethodSite.doInvoke(PlainObjectMetaMethodSite.java:43)\n\tat org.codehaus.groovy.runtime.callsite.PogoMetaMethodSite$PogoCachedMethodSiteNoUnwrapNoCoerce.invoke(PogoMetaMethodSite.java:198)\n\tat org.codehaus.groovy.runtime.callsite.PogoMetaMethodSite.callCurrent(PogoMetaMethodSite.java:62)\n\tat org.codehaus.groovy.runtime.callsite.CallSiteArray.defaultCallCurrent(CallSiteArray.java:49)\n\tat org.codehaus.groovy.runtime.callsite.AbstractCallSite.callCurrent(AbstractCallSite.java:171)\n\tat org.codehaus.groovy.runtime.callsite.AbstractCallSite.callCurrent(AbstractCallSite.java:203)\n\tat io.restassured.internal.path.json.JSONAssertion.getAsJsonObject(JSONAssertion.groovy:46)\n\tat io.restassured.internal.path.json.JSONAssertion$getAsJsonObject.callCurrent(Unknown Source)\n\tat org.codehaus.groovy.runtime.callsite.CallSiteArray.defaultCallCurrent(CallSiteArray.java:49)\n\tat org.codehaus.groovy.runtime.callsite.AbstractCallSite.callCurrent(AbstractCallSite.java:171)\n\tat org.codehaus.groovy.runtime.callsite.AbstractCallSite.callCurrent(AbstractCallSite.java:185)\n\tat io.restassured.internal.path.json.JSONAssertion.getResult(JSONAssertion.groovy:28)\n\tat io.restassured.path.json.JsonPath.get(JsonPath.java:203)\n\tat io.restassured.path.json.JsonPath$get$1.call(Unknown Source)\n\tat org.codehaus.groovy.runtime.callsite.CallSiteArray.defaultCall(CallSiteArray.java:45)\n\tat org.codehaus.groovy.runtime.callsite.AbstractCallSite.call(AbstractCallSite.java:125)\n\tat org.codehaus.groovy.runtime.callsite.AbstractCallSite.call(AbstractCallSite.java:139)\n\tat io.restassured.internal.RestAssuredResponseOptionsGroovyImpl.path(RestAssuredResponseOptionsGroovyImpl.groovy:410)\n\tat io.restassured.internal.RestAssuredResponseOptionsImpl.path(RestAssuredResponseOptionsImpl.java:230)\n\tat api.tests.ui.BoardsUiTest.testCreateUiBoard(BoardsUiTest.java:32)\n\tat java.base/jdk.internal.reflect.NativeMethodAccessorImpl.invoke0(Native Method)\n\tat java.base/jdk.internal.reflect.NativeMethodAccessorImpl.invoke(NativeMethodAccessorImpl.java:77)\n\tat java.base/jdk.internal.reflect.DelegatingMethodAccessorImpl.invoke(DelegatingMethodAccessorImpl.java:43)\n\tat java.base/java.lang.reflect.Method.invoke(Method.java:568)\n\tat org.testng.internal.invokers.MethodInvocationHelper.invokeMethod(MethodInvocationHelper.java:141)\n\tat org.testng.internal.invokers.TestInvoker.invokeMethod(TestInvoker.java:686)\n\tat org.testng.internal.invokers.TestInvoker.invokeTestMethod(TestInvoker.java:230)\n\tat org.testng.internal.invokers.MethodRunner.runInSequence(MethodRunner.java:63)\n\tat org.testng.internal.invokers.TestInvoker$MethodInvocationAgent.invoke(TestInvoker.java:992)\n\tat org.testng.internal.invokers.TestInvoker.invokeTestMethods(TestInvoker.java:203)\n\tat org.testng.internal.invokers.TestMethodWorker.invokeTestMethods(TestMethodWorker.java:154)\n\tat org.testng.internal.invokers.TestMethodWorker.run(TestMethodWorker.java:134)\n\tat java.base/java.util.ArrayList.forEach(ArrayList.java:1511)\n\tat org.testng.TestRunner.privateRun(TestRunner.java:739)\n\tat org.testng.TestRunner.run(TestRunner.java:614)\n\tat org.testng.SuiteRunner.runTest(SuiteRunner.java:421)\n\tat org.testng.SuiteRunner$SuiteWorker.run(SuiteRunner.java:463)\n\tat org.testng.internal.thread.ThreadUtil.lambda$execute$0(ThreadUtil.java:64)\n\tat java.base/java.util.concurrent.FutureTask.run(FutureTask.java:264)\n\tat java.base/java.util.concurrent.ThreadPoolExecutor.runWorker(ThreadPoolExecutor.java:1136)\n\tat java.base/java.util.concurrent.ThreadPoolExecutor$Worker.run(ThreadPoolExecutor.java:635)\n\tat java.base/java.lang.Thread.run(Thread.java:840)\nCaused by: java.lang.ExceptionInInitializerError\n\tat org.codehaus.groovy.classgen.asm.WriterController.init(WriterController.java:100)\n\tat org.codehaus.groovy.classgen.AsmClassGenerator.visitClass(AsmClassGenerator.java:304)\n\tat org.codehaus.groovy.control.CompilationUnit$3.call(CompilationUnit.java:797)\n\tat org.codehaus.groovy.control.CompilationUnit$IPrimaryClassNodeOperation.doPhaseOperation(CompilationUnit.java:938)\n\t... 71 more\nCaused by: java.lang.NullPointerException: Cannot invoke \"Object.equals(Object)\" because \"this.listKeys[i]\" is null\n\tat org.codehaus.groovy.util.ListHashMap.get(ListHashMap.java:120)\n\tat org.codehaus.groovy.ast.NodeMetaDataHandler.getNodeMetaData(NodeMetaDataHandler.java:44)\n\tat org.codehaus.groovy.ast.ClassHelper.isDynamicTyped(ClassHelper.java:433)\n\tat org.codehaus.groovy.ast.Parameter.setType(Parameter.java:71)\n\tat org.codehaus.groovy.ast.Parameter.<init>(Parameter.java:43)\n\tat org.codehaus.groovy.vmplugin.v8.Java8.makeParameters(Java8.java:569)\n\tat org.codehaus.groovy.vmplugin.v8.Java8.configureClassNode(Java8.java:425)\n\tat org.codehaus.groovy.ast.ClassNode.lazyClassInit(ClassNode.java:287)\n\tat org.codehaus.groovy.ast.ClassNode.getDeclaredMethods(ClassNode.java:883)\n\tat org.codehaus.groovy.ast.ClassNode.getDeclaredMethod(ClassNode.java:909)\n\tat org.codehaus.groovy.classgen.asm.InvocationWriter.<clinit>(InvocationWriter.java:97)\n\t... 75 more\n\n1 error\n","children":[{"name":"testCreateUiBoard","uid":"fbdb250790f866bb","parentUid":"a2850fe71b49bb0c5e41e74e7f2d9031","status":"broken","time":{"start":1744283576052,"stop":1744283579919,"duration":3867},"flaky":false,"newFailed":false,"newPassed":false,"newBroken":false,"retriesCount":0,"retriesStatusChange":false,"parameters":[],"tags":["ui"]}],"uid":"a2850fe71b49bb0c5e41e74e7f2d9031"}],"uid":"bdbf199525818fae7a8651db9eafe741"},{"name":"Product defects","children":[{"name":"expected [200] but found [400]","children":[{"name":"testGetUiBoard","uid":"830b9c94713d2494","parentUid":"2498ba54991b571ff1a202544441206d","status":"failed","time":{"start":1744283580082,"stop":1744283580294,"duration":212},"flaky":false,"newFailed":true,"newPassed":false,"newBroken":false,"retriesCount":0,"retriesStatusChange":false,"parameters":[],"tags":["ui"]},{"name":"testDeleteUiBoard","uid":"168c7aba6617490f","parentUid":"2498ba54991b571ff1a202544441206d","status":"failed","time":{"start":1744283580303,"stop":1744283580438,"duration":135},"flaky":false,"newFailed":true,"newPassed":false,"newBroken":false,"retriesCount":0,"retriesStatusChange":false,"parameters":[],"tags":["ui"]}],"uid":"2498ba54991b571ff1a202544441206d"}],"uid":"8fb3a91ba5aaf9de24cc8a92edc82b5d"}],"name":"categories"}