{"uid":"7eaff750b0dc6e3a","name":"testCreateBoard","fullName":"api.tests.ui.BoardsUiTest.testCreateBoard","historyId":"6559d23d5d5a02da5eefa1cc04681c17","time":{"start":1744023145098,"stop":1744023146415,"duration":1317},"description":"Create Board","descriptionHtml":"<p>Create Board</p>\n","status":"broken","statusMessage":"Could not start a new session. Possible causes are invalid address of the remote server or browser start-up failure. \nHost info: host: '485278881f15', ip: '172.18.0.2'\nBuild info: version: '4.20.0', revision: '866c76ca80'\nSystem info: os.name: 'Linux', os.arch: 'amd64', os.version: '6.8.0-1021-azure', java.version: '17.0.11'\nDriver info: org.openqa.selenium.chrome.ChromeDriver\nCommand: [null, newSession {capabilities=[Capabilities {browserName: chrome, goog:chromeOptions: {args: [window-size= 1920, 1080], extensions: []}}]}]","statusTrace":"org.openqa.selenium.SessionNotCreatedException: Could not start a new session. Possible causes are invalid address of the remote server or browser start-up failure. \nHost info: host: '485278881f15', ip: '172.18.0.2'\nBuild info: version: '4.20.0', revision: '866c76ca80'\nSystem info: os.name: 'Linux', os.arch: 'amd64', os.version: '6.8.0-1021-azure', java.version: '17.0.11'\nDriver info: org.openqa.selenium.chrome.ChromeDriver\nCommand: [null, newSession {capabilities=[Capabilities {browserName: chrome, goog:chromeOptions: {args: [window-size= 1920, 1080], extensions: []}}]}]\n\tat org.openqa.selenium.remote.RemoteWebDriver.execute(RemoteWebDriver.java:536)\n\tat org.openqa.selenium.remote.RemoteWebDriver.startSession(RemoteWebDriver.java:232)\n\tat org.openqa.selenium.remote.RemoteWebDriver.<init>(RemoteWebDriver.java:161)\n\tat org.openqa.selenium.chromium.ChromiumDriver.<init>(ChromiumDriver.java:114)\n\tat org.openqa.selenium.chrome.ChromeDriver.<init>(ChromeDriver.java:88)\n\tat org.openqa.selenium.chrome.ChromeDriver.<init>(ChromeDriver.java:83)\n\tat org.openqa.selenium.chrome.ChromeDriver.<init>(ChromeDriver.java:72)\n\tat api.base.BaseUiTest.createDriver(BaseUiTest.java:31)\n\tat api.base.BaseUiTest.login(BaseUiTest.java:91)\n\tat api.controllers.ui.UiBoardSteps.verifyLoginInUI(UiBoardSteps.java:16)\n\tat api.tests.ui.BoardsUiTest.testCreateBoard(BoardsUiTest.java:34)\n\tat java.base/jdk.internal.reflect.NativeMethodAccessorImpl.invoke0(Native Method)\n\tat java.base/jdk.internal.reflect.NativeMethodAccessorImpl.invoke(NativeMethodAccessorImpl.java:77)\n\tat java.base/jdk.internal.reflect.DelegatingMethodAccessorImpl.invoke(DelegatingMethodAccessorImpl.java:43)\n\tat java.base/java.lang.reflect.Method.invoke(Method.java:568)\n\tat org.testng.internal.invokers.MethodInvocationHelper.invokeMethod(MethodInvocationHelper.java:141)\n\tat org.testng.internal.invokers.TestInvoker.invokeMethod(TestInvoker.java:686)\n\tat org.testng.internal.invokers.TestInvoker.invokeTestMethod(TestInvoker.java:230)\n\tat org.testng.internal.invokers.MethodRunner.runInSequence(MethodRunner.java:63)\n\tat org.testng.internal.invokers.TestInvoker$MethodInvocationAgent.invoke(TestInvoker.java:992)\n\tat org.testng.internal.invokers.TestInvoker.invokeTestMethods(TestInvoker.java:203)\n\tat org.testng.internal.invokers.TestMethodWorker.invokeTestMethods(TestMethodWorker.java:154)\n\tat org.testng.internal.invokers.TestMethodWorker.run(TestMethodWorker.java:134)\n\tat java.base/java.util.ArrayList.forEach(ArrayList.java:1511)\n\tat org.testng.TestRunner.privateRun(TestRunner.java:739)\n\tat org.testng.TestRunner.run(TestRunner.java:614)\n\tat org.testng.SuiteRunner.runTest(SuiteRunner.java:421)\n\tat org.testng.SuiteRunner$SuiteWorker.run(SuiteRunner.java:463)\n\tat org.testng.internal.thread.ThreadUtil.lambda$execute$0(ThreadUtil.java:64)\n\tat java.base/java.util.concurrent.FutureTask.run(FutureTask.java:264)\n\tat java.base/java.util.concurrent.ThreadPoolExecutor.runWorker(ThreadPoolExecutor.java:1136)\n\tat java.base/java.util.concurrent.ThreadPoolExecutor$Worker.run(ThreadPoolExecutor.java:635)\n\tat java.base/java.lang.Thread.run(Thread.java:840)\nCaused by: java.io.UncheckedIOException: java.io.IOException: Cannot run program \"/root/.cache/selenium/chromedriver/linux64/135.0.7049.42/chromedriver\": error=2, No such file or directory\n\tat org.openqa.selenium.os.ExternalProcess$Builder.start(ExternalProcess.java:193)\n\tat org.openqa.selenium.remote.service.DriverService.start(DriverService.java:207)\n\tat org.openqa.selenium.remote.service.DriverCommandExecutor.execute(DriverCommandExecutor.java:117)\n\tat org.openqa.selenium.remote.RemoteWebDriver.execute(RemoteWebDriver.java:518)\n\t... 32 more\nCaused by: java.io.IOException: Cannot run program \"/root/.cache/selenium/chromedriver/linux64/135.0.7049.42/chromedriver\": error=2, No such file or directory\n\tat java.base/java.lang.ProcessBuilder.start(ProcessBuilder.java:1143)\n\tat java.base/java.lang.ProcessBuilder.start(ProcessBuilder.java:1073)\n\tat org.openqa.selenium.os.ExternalProcess$Builder.start(ExternalProcess.java:191)\n\t... 35 more\nCaused by: java.io.IOException: error=2, No such file or directory\n\tat java.base/java.lang.ProcessImpl.forkAndExec(Native Method)\n\tat java.base/java.lang.ProcessImpl.<init>(ProcessImpl.java:314)\n\tat java.base/java.lang.ProcessImpl.start(ProcessImpl.java:244)\n\tat java.base/java.lang.ProcessBuilder.start(ProcessBuilder.java:1110)\n\t... 37 more\n","flaky":false,"newFailed":false,"newBroken":false,"newPassed":false,"retriesCount":0,"retriesStatusChange":false,"beforeStages":[],"testStage":{"description":"Create Board","status":"broken","statusMessage":"Could not start a new session. Possible causes are invalid address of the remote server or browser start-up failure. \nHost info: host: '485278881f15', ip: '172.18.0.2'\nBuild info: version: '4.20.0', revision: '866c76ca80'\nSystem info: os.name: 'Linux', os.arch: 'amd64', os.version: '6.8.0-1021-azure', java.version: '17.0.11'\nDriver info: org.openqa.selenium.chrome.ChromeDriver\nCommand: [null, newSession {capabilities=[Capabilities {browserName: chrome, goog:chromeOptions: {args: [window-size= 1920, 1080], extensions: []}}]}]","statusTrace":"org.openqa.selenium.SessionNotCreatedException: Could not start a new session. Possible causes are invalid address of the remote server or browser start-up failure. \nHost info: host: '485278881f15', ip: '172.18.0.2'\nBuild info: version: '4.20.0', revision: '866c76ca80'\nSystem info: os.name: 'Linux', os.arch: 'amd64', os.version: '6.8.0-1021-azure', java.version: '17.0.11'\nDriver info: org.openqa.selenium.chrome.ChromeDriver\nCommand: [null, newSession {capabilities=[Capabilities {browserName: chrome, goog:chromeOptions: {args: [window-size= 1920, 1080], extensions: []}}]}]\n\tat org.openqa.selenium.remote.RemoteWebDriver.execute(RemoteWebDriver.java:536)\n\tat org.openqa.selenium.remote.RemoteWebDriver.startSession(RemoteWebDriver.java:232)\n\tat org.openqa.selenium.remote.RemoteWebDriver.<init>(RemoteWebDriver.java:161)\n\tat org.openqa.selenium.chromium.ChromiumDriver.<init>(ChromiumDriver.java:114)\n\tat org.openqa.selenium.chrome.ChromeDriver.<init>(ChromeDriver.java:88)\n\tat org.openqa.selenium.chrome.ChromeDriver.<init>(ChromeDriver.java:83)\n\tat org.openqa.selenium.chrome.ChromeDriver.<init>(ChromeDriver.java:72)\n\tat api.base.BaseUiTest.createDriver(BaseUiTest.java:31)\n\tat api.base.BaseUiTest.login(BaseUiTest.java:91)\n\tat api.controllers.ui.UiBoardSteps.verifyLoginInUI(UiBoardSteps.java:16)\n\tat api.tests.ui.BoardsUiTest.testCreateBoard(BoardsUiTest.java:34)\n\tat java.base/jdk.internal.reflect.NativeMethodAccessorImpl.invoke0(Native Method)\n\tat java.base/jdk.internal.reflect.NativeMethodAccessorImpl.invoke(NativeMethodAccessorImpl.java:77)\n\tat java.base/jdk.internal.reflect.DelegatingMethodAccessorImpl.invoke(DelegatingMethodAccessorImpl.java:43)\n\tat java.base/java.lang.reflect.Method.invoke(Method.java:568)\n\tat org.testng.internal.invokers.MethodInvocationHelper.invokeMethod(MethodInvocationHelper.java:141)\n\tat org.testng.internal.invokers.TestInvoker.invokeMethod(TestInvoker.java:686)\n\tat org.testng.internal.invokers.TestInvoker.invokeTestMethod(TestInvoker.java:230)\n\tat org.testng.internal.invokers.MethodRunner.runInSequence(MethodRunner.java:63)\n\tat org.testng.internal.invokers.TestInvoker$MethodInvocationAgent.invoke(TestInvoker.java:992)\n\tat org.testng.internal.invokers.TestInvoker.invokeTestMethods(TestInvoker.java:203)\n\tat org.testng.internal.invokers.TestMethodWorker.invokeTestMethods(TestMethodWorker.java:154)\n\tat org.testng.internal.invokers.TestMethodWorker.run(TestMethodWorker.java:134)\n\tat java.base/java.util.ArrayList.forEach(ArrayList.java:1511)\n\tat org.testng.TestRunner.privateRun(TestRunner.java:739)\n\tat org.testng.TestRunner.run(TestRunner.java:614)\n\tat org.testng.SuiteRunner.runTest(SuiteRunner.java:421)\n\tat org.testng.SuiteRunner$SuiteWorker.run(SuiteRunner.java:463)\n\tat org.testng.internal.thread.ThreadUtil.lambda$execute$0(ThreadUtil.java:64)\n\tat java.base/java.util.concurrent.FutureTask.run(FutureTask.java:264)\n\tat java.base/java.util.concurrent.ThreadPoolExecutor.runWorker(ThreadPoolExecutor.java:1136)\n\tat java.base/java.util.concurrent.ThreadPoolExecutor$Worker.run(ThreadPoolExecutor.java:635)\n\tat java.base/java.lang.Thread.run(Thread.java:840)\nCaused by: java.io.UncheckedIOException: java.io.IOException: Cannot run program \"/root/.cache/selenium/chromedriver/linux64/135.0.7049.42/chromedriver\": error=2, No such file or directory\n\tat org.openqa.selenium.os.ExternalProcess$Builder.start(ExternalProcess.java:193)\n\tat org.openqa.selenium.remote.service.DriverService.start(DriverService.java:207)\n\tat org.openqa.selenium.remote.service.DriverCommandExecutor.execute(DriverCommandExecutor.java:117)\n\tat org.openqa.selenium.remote.RemoteWebDriver.execute(RemoteWebDriver.java:518)\n\t... 32 more\nCaused by: java.io.IOException: Cannot run program \"/root/.cache/selenium/chromedriver/linux64/135.0.7049.42/chromedriver\": error=2, No such file or directory\n\tat java.base/java.lang.ProcessBuilder.start(ProcessBuilder.java:1143)\n\tat java.base/java.lang.ProcessBuilder.start(ProcessBuilder.java:1073)\n\tat org.openqa.selenium.os.ExternalProcess$Builder.start(ExternalProcess.java:191)\n\t... 35 more\nCaused by: java.io.IOException: error=2, No such file or directory\n\tat java.base/java.lang.ProcessImpl.forkAndExec(Native Method)\n\tat java.base/java.lang.ProcessImpl.<init>(ProcessImpl.java:314)\n\tat java.base/java.lang.ProcessImpl.start(ProcessImpl.java:244)\n\tat java.base/java.lang.ProcessBuilder.start(ProcessBuilder.java:1110)\n\t... 37 more\n","steps":[{"name":"Create board with name: Api Board","time":{"start":1744023145098,"stop":1744023145490,"duration":392},"status":"passed","steps":[],"attachments":[{"uid":"f412034c287bf422","name":"Request","source":"f412034c287bf422.html","type":"text/html","size":613},{"uid":"57435534c15d2cfa","name":"HTTP/1.1 200 OK","source":"57435534c15d2cfa.html","type":"text/html","size":7373}],"parameters":[{"name":"nameOfTheBoard","value":"Api Board"}],"shouldDisplayMessage":false,"stepsCount":0,"attachmentsCount":2,"hasContent":true,"attachmentStep":false},{"name":"Verify board exists in Trello UI","time":{"start":1744023145507,"stop":1744023146414,"duration":907},"status":"broken","statusMessage":"Could not start a new session. Possible causes are invalid address of the remote server or browser start-up failure. \nHost info: host: '485278881f15', ip: '172.18.0.2'\nBuild info: version: '4.20.0', revision: '866c76ca80'\nSystem info: os.name: 'Linux', os.arch: 'amd64', os.version: '6.8.0-1021-azure', java.version: '17.0.11'\nDriver info: org.openqa.selenium.chrome.ChromeDriver\nCommand: [null, newSession {capabilities=[Capabilities {browserName: chrome, goog:chromeOptions: {args: [window-size= 1920, 1080], extensions: []}}]}]","statusTrace":"org.openqa.selenium.SessionNotCreatedException: Could not start a new session. Possible causes are invalid address of the remote server or browser start-up failure. \nHost info: host: '485278881f15', ip: '172.18.0.2'\nBuild info: version: '4.20.0', revision: '866c76ca80'\nSystem info: os.name: 'Linux', os.arch: 'amd64', os.version: '6.8.0-1021-azure', java.version: '17.0.11'\nDriver info: org.openqa.selenium.chrome.ChromeDriver\nCommand: [null, newSession {capabilities=[Capabilities {browserName: chrome, goog:chromeOptions: {args: [window-size= 1920, 1080], extensions: []}}]}]\n\tat org.openqa.selenium.remote.RemoteWebDriver.execute(RemoteWebDriver.java:536)\n\tat org.openqa.selenium.remote.RemoteWebDriver.startSession(RemoteWebDriver.java:232)\n\tat org.openqa.selenium.remote.RemoteWebDriver.<init>(RemoteWebDriver.java:161)\n\tat org.openqa.selenium.chromium.ChromiumDriver.<init>(ChromiumDriver.java:114)\n\tat org.openqa.selenium.chrome.ChromeDriver.<init>(ChromeDriver.java:88)\n\tat org.openqa.selenium.chrome.ChromeDriver.<init>(ChromeDriver.java:83)\n\tat org.openqa.selenium.chrome.ChromeDriver.<init>(ChromeDriver.java:72)\n\tat api.base.BaseUiTest.createDriver(BaseUiTest.java:31)\n\tat api.base.BaseUiTest.login(BaseUiTest.java:91)\n\tat api.controllers.ui.UiBoardSteps.verifyLoginInUI(UiBoardSteps.java:16)\n\tat api.tests.ui.BoardsUiTest.testCreateBoard(BoardsUiTest.java:34)\n\tat java.base/jdk.internal.reflect.NativeMethodAccessorImpl.invoke0(Native Method)\n\tat java.base/jdk.internal.reflect.NativeMethodAccessorImpl.invoke(NativeMethodAccessorImpl.java:77)\n\tat java.base/jdk.internal.reflect.DelegatingMethodAccessorImpl.invoke(DelegatingMethodAccessorImpl.java:43)\n\tat java.base/java.lang.reflect.Method.invoke(Method.java:568)\n\tat org.testng.internal.invokers.MethodInvocationHelper.invokeMethod(MethodInvocationHelper.java:141)\n\tat org.testng.internal.invokers.TestInvoker.invokeMethod(TestInvoker.java:686)\n\tat org.testng.internal.invokers.TestInvoker.invokeTestMethod(TestInvoker.java:230)\n\tat org.testng.internal.invokers.MethodRunner.runInSequence(MethodRunner.java:63)\n\tat org.testng.internal.invokers.TestInvoker$MethodInvocationAgent.invoke(TestInvoker.java:992)\n\tat org.testng.internal.invokers.TestInvoker.invokeTestMethods(TestInvoker.java:203)\n\tat org.testng.internal.invokers.TestMethodWorker.invokeTestMethods(TestMethodWorker.java:154)\n\tat org.testng.internal.invokers.TestMethodWorker.run(TestMethodWorker.java:134)\n\tat java.base/java.util.ArrayList.forEach(ArrayList.java:1511)\n\tat org.testng.TestRunner.privateRun(TestRunner.java:739)\n\tat org.testng.TestRunner.run(TestRunner.java:614)\n\tat org.testng.SuiteRunner.runTest(SuiteRunner.java:421)\n\tat org.testng.SuiteRunner$SuiteWorker.run(SuiteRunner.java:463)\n\tat org.testng.internal.thread.ThreadUtil.lambda$execute$0(ThreadUtil.java:64)\n\tat java.base/java.util.concurrent.FutureTask.run(FutureTask.java:264)\n\tat java.base/java.util.concurrent.ThreadPoolExecutor.runWorker(ThreadPoolExecutor.java:1136)\n\tat java.base/java.util.concurrent.ThreadPoolExecutor$Worker.run(ThreadPoolExecutor.java:635)\n\tat java.base/java.lang.Thread.run(Thread.java:840)\nCaused by: java.io.UncheckedIOException: java.io.IOException: Cannot run program \"/root/.cache/selenium/chromedriver/linux64/135.0.7049.42/chromedriver\": error=2, No such file or directory\n\tat org.openqa.selenium.os.ExternalProcess$Builder.start(ExternalProcess.java:193)\n\tat org.openqa.selenium.remote.service.DriverService.start(DriverService.java:207)\n\tat org.openqa.selenium.remote.service.DriverCommandExecutor.execute(DriverCommandExecutor.java:117)\n\tat org.openqa.selenium.remote.RemoteWebDriver.execute(RemoteWebDriver.java:518)\n\t... 32 more\nCaused by: java.io.IOException: Cannot run program \"/root/.cache/selenium/chromedriver/linux64/135.0.7049.42/chromedriver\": error=2, No such file or directory\n\tat java.base/java.lang.ProcessBuilder.start(ProcessBuilder.java:1143)\n\tat java.base/java.lang.ProcessBuilder.start(ProcessBuilder.java:1073)\n\tat org.openqa.selenium.os.ExternalProcess$Builder.start(ExternalProcess.java:191)\n\t... 35 more\nCaused by: java.io.IOException: error=2, No such file or directory\n\tat java.base/java.lang.ProcessImpl.forkAndExec(Native Method)\n\tat java.base/java.lang.ProcessImpl.<init>(ProcessImpl.java:314)\n\tat java.base/java.lang.ProcessImpl.start(ProcessImpl.java:244)\n\tat java.base/java.lang.ProcessBuilder.start(ProcessBuilder.java:1110)\n\t... 37 more\n","steps":[],"attachments":[],"parameters":[],"shouldDisplayMessage":true,"stepsCount":0,"attachmentsCount":0,"hasContent":true,"attachmentStep":false}],"attachments":[],"parameters":[],"shouldDisplayMessage":false,"stepsCount":2,"attachmentsCount":2,"hasContent":true,"attachmentStep":false},"afterStages":[],"labels":[{"name":"package","value":"api.tests.ui.BoardsUiTest"},{"name":"testClass","value":"api.tests.ui.BoardsUiTest"},{"name":"testMethod","value":"testCreateBoard"},{"name":"parentSuite","value":"All test"},{"name":"suite","value":"Tests with xml"},{"name":"subSuite","value":"api.tests.ui.BoardsUiTest"},{"name":"host","value":"485278881f15"},{"name":"thread","value":"82@485278881f15.TestNG-tests-1(22)"},{"name":"framework","value":"testng"},{"name":"language","value":"java"},{"name":"story","value":"Board"},{"name":"epic","value":"UI Tests"},{"name":"owner","value":"Group JavaForwardToOffer"},{"name":"feature","value":"Board Validation"},{"name":"severity","value":"critical"},{"name":"resultFormat","value":"allure2"}],"parameters":[],"links":[],"hidden":false,"retry":false,"extra":{"severity":"critical","owner":"Group JavaForwardToOffer","retries":[],"categories":[{"name":"Test defects","matchedStatuses":[],"flaky":false}],"history":{"statistic":{"failed":0,"broken":2,"skipped":0,"passed":0,"unknown":0,"total":2},"items":[{"uid":"ecda78cb85af3d3f","reportUrl":"https://RomanBurlaka78.github.io/JavaRestAssuredTrelloApi/52//#testresult/ecda78cb85af3d3f","status":"broken","statusDetails":"Could not start a new session. Possible causes are invalid address of the remote server or browser start-up failure. \nHost info: host: '30203ff1a1e9', ip: '172.18.0.2'\nBuild info: version: '4.20.0', revision: '866c76ca80'\nSystem info: os.name: 'Linux', os.arch: 'amd64', os.version: '6.8.0-1021-azure', java.version: '17.0.11'\nDriver info: org.openqa.selenium.chrome.ChromeDriver\nCommand: [null, newSession {capabilities=[Capabilities {browserName: chrome, goog:chromeOptions: {args: [window-size= 1920, 1080], extensions: []}}]}]","time":{"start":1744022691783,"stop":1744022693245,"duration":1462}}]},"tags":[]},"source":"7eaff750b0dc6e3a.json","parameterValues":[]}