{"uid":"dfb129f8563a3d36","name":"Runs Cucumber Scenarios","fullName":"io.cucumber.testng.AbstractTestNGCucumberTests.runScenario","historyId":"e03041368d041031ca853aa11932ac33","time":{"start":1744740573568,"stop":1744740573719,"duration":151},"status":"broken","statusMessage":"Failed to parse the JSON document","statusTrace":"io.restassured.path.json.exception.JsonPathException: Failed to parse the JSON document\n\tat io.restassured.path.json.JsonPath$ExceptionCatcher.invoke(JsonPath.java:1002)\n\tat io.restassured.path.json.JsonPath$4.doParseWith(JsonPath.java:967)\n\tat io.restassured.path.json.JsonPath$JsonParser.parseWith(JsonPath.java:1047)\n\tat io.restassured.path.json.JsonPath.get(JsonPath.java:202)\n\tat io.restassured.path.json.JsonPath.getString(JsonPath.java:352)\n\tat api.cucumber.steps.SmokeStepDefinitions.i_create_a_new_board_with_name(SmokeStepDefinitions.java:44)\n\tat ✽.I create a new board with name \"Smoke Test Board\"(file:///app/src/test/resources/features/smoke.feature:29)\nCaused by: groovy.json.JsonException: Lexing failed on line: 1, column: 1, while reading 'W', no possible valid JSON value or punctuation could be recognized.\n\tat groovy.json.JsonLexer.nextToken(JsonLexer.java:86)\n\tat groovy.json.JsonLexer$nextToken.call(Unknown Source)\n\tat io.restassured.internal.path.json.ConfigurableJsonSlurper.parse(ConfigurableJsonSlurper.groovy:97)\n\tat io.restassured.internal.path.json.ConfigurableJsonSlurper$parse.callCurrent(Unknown Source)\n\tat io.restassured.internal.path.json.ConfigurableJsonSlurper.parseText(ConfigurableJsonSlurper.groovy:83)\n\tat io.restassured.path.json.JsonPath$4$1.method(JsonPath.java:965)\n\tat io.restassured.path.json.JsonPath$ExceptionCatcher.invoke(JsonPath.java:1000)\n\tat io.restassured.path.json.JsonPath$4.doParseWith(JsonPath.java:967)\n\tat io.restassured.path.json.JsonPath$JsonParser.parseWith(JsonPath.java:1047)\n\tat io.restassured.path.json.JsonPath.get(JsonPath.java:202)\n\tat io.restassured.path.json.JsonPath.getString(JsonPath.java:352)\n\tat api.cucumber.steps.SmokeStepDefinitions.i_create_a_new_board_with_name(SmokeStepDefinitions.java:44)\n\tat java.base/jdk.internal.reflect.NativeMethodAccessorImpl.invoke0(Native Method)\n\tat java.base/jdk.internal.reflect.NativeMethodAccessorImpl.invoke(NativeMethodAccessorImpl.java:77)\n\tat java.base/jdk.internal.reflect.DelegatingMethodAccessorImpl.invoke(DelegatingMethodAccessorImpl.java:43)\n\tat java.base/java.lang.reflect.Method.invoke(Method.java:568)\n\tat io.cucumber.java.Invoker.doInvoke(Invoker.java:66)\n\tat io.cucumber.java.Invoker.invoke(Invoker.java:24)\n\tat io.cucumber.java.AbstractGlueDefinition.invokeMethod(AbstractGlueDefinition.java:47)\n\tat io.cucumber.java.JavaStepDefinition.execute(JavaStepDefinition.java:29)\n\tat io.cucumber.core.runner.CoreStepDefinition.execute(CoreStepDefinition.java:66)\n\tat io.cucumber.core.runner.PickleStepDefinitionMatch.runStep(PickleStepDefinitionMatch.java:62)\n\tat io.cucumber.core.runner.ExecutionMode$1.execute(ExecutionMode.java:10)\n\tat io.cucumber.core.runner.TestStep.executeStep(TestStep.java:81)\n\tat io.cucumber.core.runner.TestStep.run(TestStep.java:53)\n\tat io.cucumber.core.runner.PickleStepTestStep.run(PickleStepTestStep.java:51)\n\tat io.cucumber.core.runner.TestCase.run(TestCase.java:84)\n\tat io.cucumber.core.runner.Runner.runPickle(Runner.java:75)\n\tat io.cucumber.testng.TestNGCucumberRunner.lambda$runScenario$1(TestNGCucumberRunner.java:135)\n\tat io.cucumber.core.runtime.CucumberExecutionContext.lambda$runTestCase$5(CucumberExecutionContext.java:136)\n\tat io.cucumber.core.runtime.RethrowingThrowableCollector.executeAndThrow(RethrowingThrowableCollector.java:23)\n\tat io.cucumber.core.runtime.CucumberExecutionContext.runTestCase(CucumberExecutionContext.java:136)\n\tat io.cucumber.testng.TestNGCucumberRunner.runScenario(TestNGCucumberRunner.java:132)\n\tat io.cucumber.testng.AbstractTestNGCucumberTests.runScenario(AbstractTestNGCucumberTests.java:35)\n\tat java.base/jdk.internal.reflect.NativeMethodAccessorImpl.invoke0(Native Method)\n\tat java.base/jdk.internal.reflect.NativeMethodAccessorImpl.invoke(NativeMethodAccessorImpl.java:77)\n\tat java.base/jdk.internal.reflect.DelegatingMethodAccessorImpl.invoke(DelegatingMethodAccessorImpl.java:43)\n\tat java.base/java.lang.reflect.Method.invoke(Method.java:568)\n\tat org.testng.internal.invokers.MethodInvocationHelper.invokeMethod(MethodInvocationHelper.java:141)\n\tat org.testng.internal.invokers.TestInvoker.invokeMethod(TestInvoker.java:686)\n\tat org.testng.internal.invokers.TestInvoker.invokeTestMethod(TestInvoker.java:230)\n\tat org.testng.internal.invokers.MethodRunner.runInSequence(MethodRunner.java:63)\n\tat org.testng.internal.invokers.TestInvoker$MethodInvocationAgent.invoke(TestInvoker.java:992)\n\tat org.testng.internal.invokers.TestInvoker.invokeTestMethods(TestInvoker.java:203)\n\tat org.testng.internal.invokers.TestMethodWorker.invokeTestMethods(TestMethodWorker.java:154)\n\tat org.testng.internal.invokers.TestMethodWorker.run(TestMethodWorker.java:134)\n\tat java.base/java.util.ArrayList.forEach(ArrayList.java:1511)\n\tat org.testng.TestRunner.privateRun(TestRunner.java:739)\n\tat org.testng.TestRunner.run(TestRunner.java:614)\n\tat org.testng.SuiteRunner.runTest(SuiteRunner.java:421)\n\tat org.testng.SuiteRunner.runSequentially(SuiteRunner.java:413)\n\tat org.testng.SuiteRunner.privateRun(SuiteRunner.java:373)\n\tat org.testng.SuiteRunner.run(SuiteRunner.java:312)\n\tat org.testng.SuiteRunnerWorker.runSuite(SuiteRunnerWorker.java:52)\n\tat org.testng.SuiteRunnerWorker.run(SuiteRunnerWorker.java:95)\n\tat org.testng.TestNG.runSuitesSequentially(TestNG.java:1274)\n\tat org.testng.TestNG.runSuitesLocally(TestNG.java:1208)\n\tat org.testng.TestNG.runSuites(TestNG.java:1112)\n\tat org.testng.TestNG.run(TestNG.java:1079)\n\tat org.apache.maven.surefire.testng.TestNGExecutor.run(TestNGExecutor.java:308)\n\tat org.apache.maven.surefire.testng.TestNGXmlTestSuite.execute(TestNGXmlTestSuite.java:71)\n\tat org.apache.maven.surefire.testng.TestNGProvider.invoke(TestNGProvider.java:113)\n\tat org.apache.maven.surefire.booter.ForkedBooter.runSuitesInProcess(ForkedBooter.java:385)\n\tat org.apache.maven.surefire.booter.ForkedBooter.execute(ForkedBooter.java:162)\n\tat org.apache.maven.surefire.booter.ForkedBooter.run(ForkedBooter.java:507)\n\tat org.apache.maven.surefire.booter.ForkedBooter.main(ForkedBooter.java:495)\n","flaky":false,"newFailed":false,"newBroken":false,"newPassed":false,"retriesCount":0,"retriesStatusChange":false,"beforeStages":[{"name":"setUpClass","time":{"start":1744740571330,"stop":1744740572984,"duration":1654},"description":"","status":"passed","steps":[],"attachments":[],"parameters":[],"shouldDisplayMessage":false,"stepsCount":0,"attachmentsCount":0,"hasContent":false,"attachmentStep":false}],"testStage":{"status":"broken","statusMessage":"Failed to parse the JSON document","statusTrace":"io.restassured.path.json.exception.JsonPathException: Failed to parse the JSON document\n\tat io.restassured.path.json.JsonPath$ExceptionCatcher.invoke(JsonPath.java:1002)\n\tat io.restassured.path.json.JsonPath$4.doParseWith(JsonPath.java:967)\n\tat io.restassured.path.json.JsonPath$JsonParser.parseWith(JsonPath.java:1047)\n\tat io.restassured.path.json.JsonPath.get(JsonPath.java:202)\n\tat io.restassured.path.json.JsonPath.getString(JsonPath.java:352)\n\tat api.cucumber.steps.SmokeStepDefinitions.i_create_a_new_board_with_name(SmokeStepDefinitions.java:44)\n\tat ✽.I create a new board with name \"Smoke Test Board\"(file:///app/src/test/resources/features/smoke.feature:29)\nCaused by: groovy.json.JsonException: Lexing failed on line: 1, column: 1, while reading 'W', no possible valid JSON value or punctuation could be recognized.\n\tat groovy.json.JsonLexer.nextToken(JsonLexer.java:86)\n\tat groovy.json.JsonLexer$nextToken.call(Unknown Source)\n\tat io.restassured.internal.path.json.ConfigurableJsonSlurper.parse(ConfigurableJsonSlurper.groovy:97)\n\tat io.restassured.internal.path.json.ConfigurableJsonSlurper$parse.callCurrent(Unknown Source)\n\tat io.restassured.internal.path.json.ConfigurableJsonSlurper.parseText(ConfigurableJsonSlurper.groovy:83)\n\tat io.restassured.path.json.JsonPath$4$1.method(JsonPath.java:965)\n\tat io.restassured.path.json.JsonPath$ExceptionCatcher.invoke(JsonPath.java:1000)\n\tat io.restassured.path.json.JsonPath$4.doParseWith(JsonPath.java:967)\n\tat io.restassured.path.json.JsonPath$JsonParser.parseWith(JsonPath.java:1047)\n\tat io.restassured.path.json.JsonPath.get(JsonPath.java:202)\n\tat io.restassured.path.json.JsonPath.getString(JsonPath.java:352)\n\tat api.cucumber.steps.SmokeStepDefinitions.i_create_a_new_board_with_name(SmokeStepDefinitions.java:44)\n\tat java.base/jdk.internal.reflect.NativeMethodAccessorImpl.invoke0(Native Method)\n\tat java.base/jdk.internal.reflect.NativeMethodAccessorImpl.invoke(NativeMethodAccessorImpl.java:77)\n\tat java.base/jdk.internal.reflect.DelegatingMethodAccessorImpl.invoke(DelegatingMethodAccessorImpl.java:43)\n\tat java.base/java.lang.reflect.Method.invoke(Method.java:568)\n\tat io.cucumber.java.Invoker.doInvoke(Invoker.java:66)\n\tat io.cucumber.java.Invoker.invoke(Invoker.java:24)\n\tat io.cucumber.java.AbstractGlueDefinition.invokeMethod(AbstractGlueDefinition.java:47)\n\tat io.cucumber.java.JavaStepDefinition.execute(JavaStepDefinition.java:29)\n\tat io.cucumber.core.runner.CoreStepDefinition.execute(CoreStepDefinition.java:66)\n\tat io.cucumber.core.runner.PickleStepDefinitionMatch.runStep(PickleStepDefinitionMatch.java:62)\n\tat io.cucumber.core.runner.ExecutionMode$1.execute(ExecutionMode.java:10)\n\tat io.cucumber.core.runner.TestStep.executeStep(TestStep.java:81)\n\tat io.cucumber.core.runner.TestStep.run(TestStep.java:53)\n\tat io.cucumber.core.runner.PickleStepTestStep.run(PickleStepTestStep.java:51)\n\tat io.cucumber.core.runner.TestCase.run(TestCase.java:84)\n\tat io.cucumber.core.runner.Runner.runPickle(Runner.java:75)\n\tat io.cucumber.testng.TestNGCucumberRunner.lambda$runScenario$1(TestNGCucumberRunner.java:135)\n\tat io.cucumber.core.runtime.CucumberExecutionContext.lambda$runTestCase$5(CucumberExecutionContext.java:136)\n\tat io.cucumber.core.runtime.RethrowingThrowableCollector.executeAndThrow(RethrowingThrowableCollector.java:23)\n\tat io.cucumber.core.runtime.CucumberExecutionContext.runTestCase(CucumberExecutionContext.java:136)\n\tat io.cucumber.testng.TestNGCucumberRunner.runScenario(TestNGCucumberRunner.java:132)\n\tat io.cucumber.testng.AbstractTestNGCucumberTests.runScenario(AbstractTestNGCucumberTests.java:35)\n\tat java.base/jdk.internal.reflect.NativeMethodAccessorImpl.invoke0(Native Method)\n\tat java.base/jdk.internal.reflect.NativeMethodAccessorImpl.invoke(NativeMethodAccessorImpl.java:77)\n\tat java.base/jdk.internal.reflect.DelegatingMethodAccessorImpl.invoke(DelegatingMethodAccessorImpl.java:43)\n\tat java.base/java.lang.reflect.Method.invoke(Method.java:568)\n\tat org.testng.internal.invokers.MethodInvocationHelper.invokeMethod(MethodInvocationHelper.java:141)\n\tat org.testng.internal.invokers.TestInvoker.invokeMethod(TestInvoker.java:686)\n\tat org.testng.internal.invokers.TestInvoker.invokeTestMethod(TestInvoker.java:230)\n\tat org.testng.internal.invokers.MethodRunner.runInSequence(MethodRunner.java:63)\n\tat org.testng.internal.invokers.TestInvoker$MethodInvocationAgent.invoke(TestInvoker.java:992)\n\tat org.testng.internal.invokers.TestInvoker.invokeTestMethods(TestInvoker.java:203)\n\tat org.testng.internal.invokers.TestMethodWorker.invokeTestMethods(TestMethodWorker.java:154)\n\tat org.testng.internal.invokers.TestMethodWorker.run(TestMethodWorker.java:134)\n\tat java.base/java.util.ArrayList.forEach(ArrayList.java:1511)\n\tat org.testng.TestRunner.privateRun(TestRunner.java:739)\n\tat org.testng.TestRunner.run(TestRunner.java:614)\n\tat org.testng.SuiteRunner.runTest(SuiteRunner.java:421)\n\tat org.testng.SuiteRunner.runSequentially(SuiteRunner.java:413)\n\tat org.testng.SuiteRunner.privateRun(SuiteRunner.java:373)\n\tat org.testng.SuiteRunner.run(SuiteRunner.java:312)\n\tat org.testng.SuiteRunnerWorker.runSuite(SuiteRunnerWorker.java:52)\n\tat org.testng.SuiteRunnerWorker.run(SuiteRunnerWorker.java:95)\n\tat org.testng.TestNG.runSuitesSequentially(TestNG.java:1274)\n\tat org.testng.TestNG.runSuitesLocally(TestNG.java:1208)\n\tat org.testng.TestNG.runSuites(TestNG.java:1112)\n\tat org.testng.TestNG.run(TestNG.java:1079)\n\tat org.apache.maven.surefire.testng.TestNGExecutor.run(TestNGExecutor.java:308)\n\tat org.apache.maven.surefire.testng.TestNGXmlTestSuite.execute(TestNGXmlTestSuite.java:71)\n\tat org.apache.maven.surefire.testng.TestNGProvider.invoke(TestNGProvider.java:113)\n\tat org.apache.maven.surefire.booter.ForkedBooter.runSuitesInProcess(ForkedBooter.java:385)\n\tat org.apache.maven.surefire.booter.ForkedBooter.execute(ForkedBooter.java:162)\n\tat org.apache.maven.surefire.booter.ForkedBooter.run(ForkedBooter.java:507)\n\tat org.apache.maven.surefire.booter.ForkedBooter.main(ForkedBooter.java:495)\n","steps":[{"name":"Create board with name: Smoke Test Board","time":{"start":1744740573583,"stop":1744740573714,"duration":131},"status":"passed","steps":[],"attachments":[{"uid":"98a1e89b0262f4a7","name":"Request","source":"98a1e89b0262f4a7.html","type":"text/html","size":631},{"uid":"b2326a3c37e10c8f","name":"HTTP/1.1 400 Bad Request","source":"b2326a3c37e10c8f.html","type":"text/html","size":3185}],"parameters":[{"name":"nameOfTheBoard","value":"Smoke Test Board"}],"shouldDisplayMessage":false,"stepsCount":0,"attachmentsCount":2,"hasContent":true,"attachmentStep":false}],"attachments":[],"parameters":[],"shouldDisplayMessage":true,"stepsCount":1,"attachmentsCount":2,"hasContent":true,"attachmentStep":false},"afterStages":[{"name":"tearDownClass","time":{"start":1744740573722,"stop":1744740573746,"duration":24},"description":"","status":"passed","steps":[],"attachments":[],"parameters":[],"shouldDisplayMessage":false,"stepsCount":0,"attachmentsCount":0,"hasContent":false,"attachmentStep":false}],"labels":[{"name":"package","value":"api.cucumber.runners.CucumberRunnerTest"},{"name":"testClass","value":"api.cucumber.runners.CucumberRunnerTest"},{"name":"testMethod","value":"runScenario"},{"name":"parentSuite","value":"All test"},{"name":"suite","value":"Test Cucumber with xml"},{"name":"subSuite","value":"api.cucumber.runners.CucumberRunnerTest"},{"name":"host","value":"269312a15641"},{"name":"thread","value":"82@269312a15641.main(1)"},{"name":"framework","value":"testng"},{"name":"language","value":"java"},{"name":"resultFormat","value":"allure2"}],"parameters":[{"name":"arg0","value":"\"Create a card on a list\""},{"name":"arg1","value":"\"Smoke Tests [Trello API]\""}],"links":[],"hidden":false,"retry":false,"extra":{"severity":"normal","retries":[],"categories":[{"name":"Test defects","matchedStatuses":[],"flaky":false}],"tags":[]},"source":"dfb129f8563a3d36.json","parameterValues":["\"Create a card on a list\"","\"Smoke Tests [Trello API]\""]}