{"uid":"1bb5e711f8f037f5","name":"testCreateUiBoard","fullName":"api.tests.ui.BoardsUiTest.testCreateUiBoard","historyId":"df583828354fbf4c966a72576f17135","time":{"start":1744284042902,"stop":1744284048858,"duration":5956},"description":"Create Board","descriptionHtml":"<p>Create Board</p>\n","status":"broken","statusMessage":"Could not start a new session. Possible causes are invalid address of the remote server or browser start-up failure. \nHost info: host: '446f3f0b96ff', ip: '172.18.0.2'\nBuild info: version: '4.20.0', revision: '866c76ca80'\nSystem info: os.name: 'Linux', os.arch: 'amd64', os.version: '6.8.0-1021-azure', java.version: '17.0.11'\nDriver info: org.openqa.selenium.chrome.ChromeDriver\nCommand: [null, newSession {capabilities=[Capabilities {browserName: chrome, goog:chromeOptions: {args: [window-size= 1920, 1080], extensions: []}}]}]","statusTrace":"org.openqa.selenium.SessionNotCreatedException: Could not start a new session. Possible causes are invalid address of the remote server or browser start-up failure. \nHost info: host: '446f3f0b96ff', ip: '172.18.0.2'\nBuild info: version: '4.20.0', revision: '866c76ca80'\nSystem info: os.name: 'Linux', os.arch: 'amd64', os.version: '6.8.0-1021-azure', java.version: '17.0.11'\nDriver info: org.openqa.selenium.chrome.ChromeDriver\nCommand: [null, newSession {capabilities=[Capabilities {browserName: chrome, goog:chromeOptions: {args: [window-size= 1920, 1080], extensions: []}}]}]\n\tat org.openqa.selenium.remote.RemoteWebDriver.execute(RemoteWebDriver.java:536)\n\tat org.openqa.selenium.remote.RemoteWebDriver.startSession(RemoteWebDriver.java:232)\n\tat org.openqa.selenium.remote.RemoteWebDriver.<init>(RemoteWebDriver.java:161)\n\tat org.openqa.selenium.chromium.ChromiumDriver.<init>(ChromiumDriver.java:114)\n\tat org.openqa.selenium.chrome.ChromeDriver.<init>(ChromeDriver.java:88)\n\tat org.openqa.selenium.chrome.ChromeDriver.<init>(ChromeDriver.java:83)\n\tat org.openqa.selenium.chrome.ChromeDriver.<init>(ChromeDriver.java:72)\n\tat api.base.BaseUiTest.createDriver(BaseUiTest.java:31)\n\tat api.base.BaseUiTest.login(BaseUiTest.java:91)\n\tat api.controllers.ui.UiBoardSteps.verifyLoginInUI(UiBoardSteps.java:16)\n\tat api.tests.ui.BoardsUiTest.testCreateUiBoard(BoardsUiTest.java:36)\n\tat java.base/jdk.internal.reflect.NativeMethodAccessorImpl.invoke0(Native Method)\n\tat java.base/jdk.internal.reflect.NativeMethodAccessorImpl.invoke(NativeMethodAccessorImpl.java:77)\n\tat java.base/jdk.internal.reflect.DelegatingMethodAccessorImpl.invoke(DelegatingMethodAccessorImpl.java:43)\n\tat java.base/java.lang.reflect.Method.invoke(Method.java:568)\n\tat org.testng.internal.invokers.MethodInvocationHelper.invokeMethod(MethodInvocationHelper.java:141)\n\tat org.testng.internal.invokers.TestInvoker.invokeMethod(TestInvoker.java:686)\n\tat org.testng.internal.invokers.TestInvoker.invokeTestMethod(TestInvoker.java:230)\n\tat org.testng.internal.invokers.MethodRunner.runInSequence(MethodRunner.java:63)\n\tat org.testng.internal.invokers.TestInvoker$MethodInvocationAgent.invoke(TestInvoker.java:992)\n\tat org.testng.internal.invokers.TestInvoker.invokeTestMethods(TestInvoker.java:203)\n\tat org.testng.internal.invokers.TestMethodWorker.invokeTestMethods(TestMethodWorker.java:154)\n\tat org.testng.internal.invokers.TestMethodWorker.run(TestMethodWorker.java:134)\n\tat java.base/java.util.ArrayList.forEach(ArrayList.java:1511)\n\tat org.testng.TestRunner.privateRun(TestRunner.java:739)\n\tat org.testng.TestRunner.run(TestRunner.java:614)\n\tat org.testng.SuiteRunner.runTest(SuiteRunner.java:421)\n\tat org.testng.SuiteRunner$SuiteWorker.run(SuiteRunner.java:463)\n\tat org.testng.internal.thread.ThreadUtil.lambda$execute$0(ThreadUtil.java:64)\n\tat java.base/java.util.concurrent.FutureTask.run(FutureTask.java:264)\n\tat java.base/java.util.concurrent.ThreadPoolExecutor.runWorker(ThreadPoolExecutor.java:1136)\n\tat java.base/java.util.concurrent.ThreadPoolExecutor$Worker.run(ThreadPoolExecutor.java:635)\n\tat java.base/java.lang.Thread.run(Thread.java:840)\nCaused by: java.io.UncheckedIOException: java.io.IOException: Cannot run program \"/root/.cache/selenium/chromedriver/linux64/135.0.7049.84/chromedriver\": error=2, No such file or directory\n\tat org.openqa.selenium.os.ExternalProcess$Builder.start(ExternalProcess.java:193)\n\tat org.openqa.selenium.remote.service.DriverService.start(DriverService.java:207)\n\tat org.openqa.selenium.remote.service.DriverCommandExecutor.execute(DriverCommandExecutor.java:117)\n\tat org.openqa.selenium.remote.RemoteWebDriver.execute(RemoteWebDriver.java:518)\n\t... 32 more\nCaused by: java.io.IOException: Cannot run program \"/root/.cache/selenium/chromedriver/linux64/135.0.7049.84/chromedriver\": error=2, No such file or directory\n\tat java.base/java.lang.ProcessBuilder.start(ProcessBuilder.java:1143)\n\tat java.base/java.lang.ProcessBuilder.start(ProcessBuilder.java:1073)\n\tat org.openqa.selenium.os.ExternalProcess$Builder.start(ExternalProcess.java:191)\n\t... 35 more\nCaused by: java.io.IOException: error=2, No such file or directory\n\tat java.base/java.lang.ProcessImpl.forkAndExec(Native Method)\n\tat java.base/java.lang.ProcessImpl.<init>(ProcessImpl.java:314)\n\tat java.base/java.lang.ProcessImpl.start(ProcessImpl.java:244)\n\tat java.base/java.lang.ProcessBuilder.start(ProcessBuilder.java:1110)\n\t... 37 more\n","flaky":false,"newFailed":false,"newBroken":false,"newPassed":false,"retriesCount":1,"retriesStatusChange":false,"beforeStages":[],"testStage":{"description":"Create Board","status":"broken","statusMessage":"Could not start a new session. Possible causes are invalid address of the remote server or browser start-up failure. \nHost info: host: '446f3f0b96ff', ip: '172.18.0.2'\nBuild info: version: '4.20.0', revision: '866c76ca80'\nSystem info: os.name: 'Linux', os.arch: 'amd64', os.version: '6.8.0-1021-azure', java.version: '17.0.11'\nDriver info: org.openqa.selenium.chrome.ChromeDriver\nCommand: [null, newSession {capabilities=[Capabilities {browserName: chrome, goog:chromeOptions: {args: [window-size= 1920, 1080], extensions: []}}]}]","statusTrace":"org.openqa.selenium.SessionNotCreatedException: Could not start a new session. Possible causes are invalid address of the remote server or browser start-up failure. \nHost info: host: '446f3f0b96ff', ip: '172.18.0.2'\nBuild info: version: '4.20.0', revision: '866c76ca80'\nSystem info: os.name: 'Linux', os.arch: 'amd64', os.version: '6.8.0-1021-azure', java.version: '17.0.11'\nDriver info: org.openqa.selenium.chrome.ChromeDriver\nCommand: [null, newSession {capabilities=[Capabilities {browserName: chrome, goog:chromeOptions: {args: [window-size= 1920, 1080], extensions: []}}]}]\n\tat org.openqa.selenium.remote.RemoteWebDriver.execute(RemoteWebDriver.java:536)\n\tat org.openqa.selenium.remote.RemoteWebDriver.startSession(RemoteWebDriver.java:232)\n\tat org.openqa.selenium.remote.RemoteWebDriver.<init>(RemoteWebDriver.java:161)\n\tat org.openqa.selenium.chromium.ChromiumDriver.<init>(ChromiumDriver.java:114)\n\tat org.openqa.selenium.chrome.ChromeDriver.<init>(ChromeDriver.java:88)\n\tat org.openqa.selenium.chrome.ChromeDriver.<init>(ChromeDriver.java:83)\n\tat org.openqa.selenium.chrome.ChromeDriver.<init>(ChromeDriver.java:72)\n\tat api.base.BaseUiTest.createDriver(BaseUiTest.java:31)\n\tat api.base.BaseUiTest.login(BaseUiTest.java:91)\n\tat api.controllers.ui.UiBoardSteps.verifyLoginInUI(UiBoardSteps.java:16)\n\tat api.tests.ui.BoardsUiTest.testCreateUiBoard(BoardsUiTest.java:36)\n\tat java.base/jdk.internal.reflect.NativeMethodAccessorImpl.invoke0(Native Method)\n\tat java.base/jdk.internal.reflect.NativeMethodAccessorImpl.invoke(NativeMethodAccessorImpl.java:77)\n\tat java.base/jdk.internal.reflect.DelegatingMethodAccessorImpl.invoke(DelegatingMethodAccessorImpl.java:43)\n\tat java.base/java.lang.reflect.Method.invoke(Method.java:568)\n\tat org.testng.internal.invokers.MethodInvocationHelper.invokeMethod(MethodInvocationHelper.java:141)\n\tat org.testng.internal.invokers.TestInvoker.invokeMethod(TestInvoker.java:686)\n\tat org.testng.internal.invokers.TestInvoker.invokeTestMethod(TestInvoker.java:230)\n\tat org.testng.internal.invokers.MethodRunner.runInSequence(MethodRunner.java:63)\n\tat org.testng.internal.invokers.TestInvoker$MethodInvocationAgent.invoke(TestInvoker.java:992)\n\tat org.testng.internal.invokers.TestInvoker.invokeTestMethods(TestInvoker.java:203)\n\tat org.testng.internal.invokers.TestMethodWorker.invokeTestMethods(TestMethodWorker.java:154)\n\tat org.testng.internal.invokers.TestMethodWorker.run(TestMethodWorker.java:134)\n\tat java.base/java.util.ArrayList.forEach(ArrayList.java:1511)\n\tat org.testng.TestRunner.privateRun(TestRunner.java:739)\n\tat org.testng.TestRunner.run(TestRunner.java:614)\n\tat org.testng.SuiteRunner.runTest(SuiteRunner.java:421)\n\tat org.testng.SuiteRunner$SuiteWorker.run(SuiteRunner.java:463)\n\tat org.testng.internal.thread.ThreadUtil.lambda$execute$0(ThreadUtil.java:64)\n\tat java.base/java.util.concurrent.FutureTask.run(FutureTask.java:264)\n\tat java.base/java.util.concurrent.ThreadPoolExecutor.runWorker(ThreadPoolExecutor.java:1136)\n\tat java.base/java.util.concurrent.ThreadPoolExecutor$Worker.run(ThreadPoolExecutor.java:635)\n\tat java.base/java.lang.Thread.run(Thread.java:840)\nCaused by: java.io.UncheckedIOException: java.io.IOException: Cannot run program \"/root/.cache/selenium/chromedriver/linux64/135.0.7049.84/chromedriver\": error=2, No such file or directory\n\tat org.openqa.selenium.os.ExternalProcess$Builder.start(ExternalProcess.java:193)\n\tat org.openqa.selenium.remote.service.DriverService.start(DriverService.java:207)\n\tat org.openqa.selenium.remote.service.DriverCommandExecutor.execute(DriverCommandExecutor.java:117)\n\tat org.openqa.selenium.remote.RemoteWebDriver.execute(RemoteWebDriver.java:518)\n\t... 32 more\nCaused by: java.io.IOException: Cannot run program \"/root/.cache/selenium/chromedriver/linux64/135.0.7049.84/chromedriver\": error=2, No such file or directory\n\tat java.base/java.lang.ProcessBuilder.start(ProcessBuilder.java:1143)\n\tat java.base/java.lang.ProcessBuilder.start(ProcessBuilder.java:1073)\n\tat org.openqa.selenium.os.ExternalProcess$Builder.start(ExternalProcess.java:191)\n\t... 35 more\nCaused by: java.io.IOException: error=2, No such file or directory\n\tat java.base/java.lang.ProcessImpl.forkAndExec(Native Method)\n\tat java.base/java.lang.ProcessImpl.<init>(ProcessImpl.java:314)\n\tat java.base/java.lang.ProcessImpl.start(ProcessImpl.java:244)\n\tat java.base/java.lang.ProcessBuilder.start(ProcessBuilder.java:1110)\n\t... 37 more\n","steps":[{"name":"Create board with name: Api Board","time":{"start":1744284042910,"stop":1744284045932,"duration":3022},"status":"passed","steps":[],"attachments":[{"uid":"51cd7f5c3772c51","name":"Request","source":"51cd7f5c3772c51.html","type":"text/html","size":613},{"uid":"8860e6bdb6b5f796","name":"HTTP/1.1 200 OK","source":"8860e6bdb6b5f796.html","type":"text/html","size":7373}],"parameters":[{"name":"nameOfTheBoard","value":"Api Board"}],"shouldDisplayMessage":false,"stepsCount":0,"attachmentsCount":2,"hasContent":true,"attachmentStep":false},{"name":"Verify board exists in Trello UI","time":{"start":1744284047138,"stop":1744284048857,"duration":1719},"status":"broken","statusMessage":"Could not start a new session. Possible causes are invalid address of the remote server or browser start-up failure. \nHost info: host: '446f3f0b96ff', ip: '172.18.0.2'\nBuild info: version: '4.20.0', revision: '866c76ca80'\nSystem info: os.name: 'Linux', os.arch: 'amd64', os.version: '6.8.0-1021-azure', java.version: '17.0.11'\nDriver info: org.openqa.selenium.chrome.ChromeDriver\nCommand: [null, newSession {capabilities=[Capabilities {browserName: chrome, goog:chromeOptions: {args: [window-size= 1920, 1080], extensions: []}}]}]","statusTrace":"org.openqa.selenium.SessionNotCreatedException: Could not start a new session. Possible causes are invalid address of the remote server or browser start-up failure. \nHost info: host: '446f3f0b96ff', ip: '172.18.0.2'\nBuild info: version: '4.20.0', revision: '866c76ca80'\nSystem info: os.name: 'Linux', os.arch: 'amd64', os.version: '6.8.0-1021-azure', java.version: '17.0.11'\nDriver info: org.openqa.selenium.chrome.ChromeDriver\nCommand: [null, newSession {capabilities=[Capabilities {browserName: chrome, goog:chromeOptions: {args: [window-size= 1920, 1080], extensions: []}}]}]\n\tat org.openqa.selenium.remote.RemoteWebDriver.execute(RemoteWebDriver.java:536)\n\tat org.openqa.selenium.remote.RemoteWebDriver.startSession(RemoteWebDriver.java:232)\n\tat org.openqa.selenium.remote.RemoteWebDriver.<init>(RemoteWebDriver.java:161)\n\tat org.openqa.selenium.chromium.ChromiumDriver.<init>(ChromiumDriver.java:114)\n\tat org.openqa.selenium.chrome.ChromeDriver.<init>(ChromeDriver.java:88)\n\tat org.openqa.selenium.chrome.ChromeDriver.<init>(ChromeDriver.java:83)\n\tat org.openqa.selenium.chrome.ChromeDriver.<init>(ChromeDriver.java:72)\n\tat api.base.BaseUiTest.createDriver(BaseUiTest.java:31)\n\tat api.base.BaseUiTest.login(BaseUiTest.java:91)\n\tat api.controllers.ui.UiBoardSteps.verifyLoginInUI(UiBoardSteps.java:16)\n\tat api.tests.ui.BoardsUiTest.testCreateUiBoard(BoardsUiTest.java:36)\n\tat java.base/jdk.internal.reflect.NativeMethodAccessorImpl.invoke0(Native Method)\n\tat java.base/jdk.internal.reflect.NativeMethodAccessorImpl.invoke(NativeMethodAccessorImpl.java:77)\n\tat java.base/jdk.internal.reflect.DelegatingMethodAccessorImpl.invoke(DelegatingMethodAccessorImpl.java:43)\n\tat java.base/java.lang.reflect.Method.invoke(Method.java:568)\n\tat org.testng.internal.invokers.MethodInvocationHelper.invokeMethod(MethodInvocationHelper.java:141)\n\tat org.testng.internal.invokers.TestInvoker.invokeMethod(TestInvoker.java:686)\n\tat org.testng.internal.invokers.TestInvoker.invokeTestMethod(TestInvoker.java:230)\n\tat org.testng.internal.invokers.MethodRunner.runInSequence(MethodRunner.java:63)\n\tat org.testng.internal.invokers.TestInvoker$MethodInvocationAgent.invoke(TestInvoker.java:992)\n\tat org.testng.internal.invokers.TestInvoker.invokeTestMethods(TestInvoker.java:203)\n\tat org.testng.internal.invokers.TestMethodWorker.invokeTestMethods(TestMethodWorker.java:154)\n\tat org.testng.internal.invokers.TestMethodWorker.run(TestMethodWorker.java:134)\n\tat java.base/java.util.ArrayList.forEach(ArrayList.java:1511)\n\tat org.testng.TestRunner.privateRun(TestRunner.java:739)\n\tat org.testng.TestRunner.run(TestRunner.java:614)\n\tat org.testng.SuiteRunner.runTest(SuiteRunner.java:421)\n\tat org.testng.SuiteRunner$SuiteWorker.run(SuiteRunner.java:463)\n\tat org.testng.internal.thread.ThreadUtil.lambda$execute$0(ThreadUtil.java:64)\n\tat java.base/java.util.concurrent.FutureTask.run(FutureTask.java:264)\n\tat java.base/java.util.concurrent.ThreadPoolExecutor.runWorker(ThreadPoolExecutor.java:1136)\n\tat java.base/java.util.concurrent.ThreadPoolExecutor$Worker.run(ThreadPoolExecutor.java:635)\n\tat java.base/java.lang.Thread.run(Thread.java:840)\nCaused by: java.io.UncheckedIOException: java.io.IOException: Cannot run program \"/root/.cache/selenium/chromedriver/linux64/135.0.7049.84/chromedriver\": error=2, No such file or directory\n\tat org.openqa.selenium.os.ExternalProcess$Builder.start(ExternalProcess.java:193)\n\tat org.openqa.selenium.remote.service.DriverService.start(DriverService.java:207)\n\tat org.openqa.selenium.remote.service.DriverCommandExecutor.execute(DriverCommandExecutor.java:117)\n\tat org.openqa.selenium.remote.RemoteWebDriver.execute(RemoteWebDriver.java:518)\n\t... 32 more\nCaused by: java.io.IOException: Cannot run program \"/root/.cache/selenium/chromedriver/linux64/135.0.7049.84/chromedriver\": error=2, No such file or directory\n\tat java.base/java.lang.ProcessBuilder.start(ProcessBuilder.java:1143)\n\tat java.base/java.lang.ProcessBuilder.start(ProcessBuilder.java:1073)\n\tat org.openqa.selenium.os.ExternalProcess$Builder.start(ExternalProcess.java:191)\n\t... 35 more\nCaused by: java.io.IOException: error=2, No such file or directory\n\tat java.base/java.lang.ProcessImpl.forkAndExec(Native Method)\n\tat java.base/java.lang.ProcessImpl.<init>(ProcessImpl.java:314)\n\tat java.base/java.lang.ProcessImpl.start(ProcessImpl.java:244)\n\tat java.base/java.lang.ProcessBuilder.start(ProcessBuilder.java:1110)\n\t... 37 more\n","steps":[],"attachments":[],"parameters":[],"shouldDisplayMessage":true,"stepsCount":0,"attachmentsCount":0,"hasContent":true,"attachmentStep":false}],"attachments":[],"parameters":[],"shouldDisplayMessage":false,"stepsCount":2,"attachmentsCount":2,"hasContent":true,"attachmentStep":false},"afterStages":[],"labels":[{"name":"package","value":"api.tests.ui.BoardsUiTest"},{"name":"testClass","value":"api.tests.ui.BoardsUiTest"},{"name":"testMethod","value":"testCreateUiBoard"},{"name":"parentSuite","value":"All test"},{"name":"suite","value":"Test UI with xml"},{"name":"subSuite","value":"api.tests.ui.BoardsUiTest"},{"name":"host","value":"446f3f0b96ff"},{"name":"thread","value":"82@446f3f0b96ff.TestNG-tests-2(23)"},{"name":"framework","value":"testng"},{"name":"language","value":"java"},{"name":"story","value":"Board"},{"name":"epic","value":"UI Tests"},{"name":"owner","value":"Group JavaForwardToOffer"},{"name":"tag","value":"ui"},{"name":"feature","value":"Board Validation"},{"name":"severity","value":"critical"},{"name":"resultFormat","value":"allure2"}],"parameters":[],"links":[],"hidden":false,"retry":false,"extra":{"severity":"critical","owner":"Group JavaForwardToOffer","retries":[{"uid":"f1ef588e673d0366","status":"broken","statusDetails":"Could not start a new session. Response code 500. Message: session not created: probably user data directory is already in use, please specify a unique value for --user-data-dir argument, or don't use --user-data-dir \nHost info: host: 'fv-az1047-397', ip: '10.1.1.17'\nBuild info: version: '4.20.0', revision: '866c76ca80'\nSystem info: os.name: 'Linux', os.arch: 'amd64', os.version: '6.8.0-1021-azure', java.version: '17.0.14'\nDriver info: org.openqa.selenium.chrome.ChromeDriver\nCommand: [null, newSession {capabilities=[Capabilities {browserName: chrome, goog:chromeOptions: {args: [window-size= 1920, 1080], extensions: []}}]}]","time":{"start":1744284040115,"stop":1744284049584,"duration":9469}}],"categories":[{"name":"Test defects","matchedStatuses":[],"flaky":false}],"history":{"statistic":{"failed":0,"broken":6,"skipped":0,"passed":0,"unknown":0,"total":6},"items":[{"uid":"fbdb250790f866bb","reportUrl":"https://RomanBurlaka78.github.io/JavaRestAssuredTrelloApi/95//#testresult/fbdb250790f866bb","status":"broken","statusDetails":"Invalid JSON expression:\nGeneral error during instruction selection: java.lang.ExceptionInInitializerError\n\njava.lang.RuntimeException: java.lang.ExceptionInInitializerError\n\tat org.codehaus.groovy.control.CompilationUnit$IPrimaryClassNodeOperation.doPhaseOperation(CompilationUnit.java:972)\n\tat org.codehaus.groovy.control.CompilationUnit.processPhaseOperations(CompilationUnit.java:692)\n\tat org.codehaus.groovy.control.CompilationUnit.compile(CompilationUnit.java:666)\n\tat groovy.lang.GroovyClassLoader.doParseClass(GroovyClassLoader.java:373)\n\tat groovy.lang.GroovyClassLoader.lambda$parseClass$2(GroovyClassLoader.java:316)\n\tat org.codehaus.groovy.runtime.memoize.StampedCommonCache.compute(StampedCommonCache.java:163)\n\tat org.codehaus.groovy.runtime.memoize.StampedCommonCache.getAndPut(StampedCommonCache.java:154)\n\tat groovy.lang.GroovyClassLoader.parseClass(GroovyClassLoader.java:314)\n\tat groovy.lang.GroovyShell.parseClass(GroovyShell.java:572)\n\tat groovy.lang.GroovyShell.parse(GroovyShell.java:585)\n\tat groovy.lang.GroovyShell.parse(GroovyShell.java:597)\n\tat groovy.lang.GroovyShell.evaluate(GroovyShell.java:459)\n\tat groovy.lang.GroovyShell.evaluate(GroovyShell.java:495)\n\tat groovy.lang.GroovyShell.evaluate(GroovyShell.java:469)\n\tat java.base/jdk.internal.reflect.NativeMethodAccessorImpl.invoke0(Native Method)\n\tat java.base/jdk.internal.reflect.NativeMethodAccessorImpl.invoke(NativeMethodAccessorImpl.java:77)\n\tat java.base/jdk.internal.reflect.DelegatingMethodAccessorImpl.invoke(DelegatingMethodAccessorImpl.java:43)\n\tat java.base/java.lang.reflect.Method.invoke(Method.java:568)\n\tat org.codehaus.groovy.runtime.callsite.PlainObjectMetaMethodSite.doInvoke(PlainObjectMetaMethodSite.java:43)\n\tat org.codehaus.groovy.runtime.callsite.PogoMetaMethodSite$PogoCachedMethodSiteNoUnwrap.invoke(PogoMetaMethodSite.java:186)\n\tat org.codehaus.groovy.runtime.callsite.PogoMetaMethodSite.call(PogoMetaMethodSite.java:75)\n\tat org.codehaus.groovy.runtime.callsite.CallSiteArray.defaultCall(CallSiteArray.java:45)\n\tat org.codehaus.groovy.runtime.callsite.AbstractCallSite.call(AbstractCallSite.java:125)\n\tat org.codehaus.groovy.runtime.callsite.AbstractCallSite.call(AbstractCallSite.java:139)\n\tat io.restassured.internal.path.json.JSONAssertion.eval(JSONAssertion.groovy:84)\n\tat io.restassured.internal.path.json.JSONAssertion.this$2$eval(JSONAssertion.groovy)\n\tat java.base/jdk.internal.reflect.NativeMethodAccessorImpl.invoke0(Native Method)\n\tat java.base/jdk.internal.reflect.NativeMethodAccessorImpl.invoke(NativeMethodAccessorImpl.java:77)\n\tat java.base/jdk.internal.reflect.DelegatingMethodAccessorImpl.invoke(DelegatingMethodAccessorImpl.java:43)\n\tat java.base/java.lang.reflect.Method.invoke(Method.java:568)\n\tat org.codehaus.groovy.runtime.callsite.PlainObjectMetaMethodSite.doInvoke(PlainObjectMetaMethodSite.java:43)\n\tat org.codehaus.groovy.runtime.callsite.PogoMetaMethodSite$PogoCachedMethodSiteNoUnwrapNoCoerce.invoke(PogoMetaMethodSite.java:198)\n\tat org.codehaus.groovy.runtime.callsite.PogoMetaMethodSite.callCurrent(PogoMetaMethodSite.java:62)\n\tat org.codehaus.groovy.runtime.callsite.CallSiteArray.defaultCallCurrent(CallSiteArray.java:49)\n\tat org.codehaus.groovy.runtime.callsite.AbstractCallSite.callCurrent(AbstractCallSite.java:171)\n\tat org.codehaus.groovy.runtime.callsite.AbstractCallSite.callCurrent(AbstractCallSite.java:203)\n\tat io.restassured.internal.path.json.JSONAssertion.getAsJsonObject(JSONAssertion.groovy:46)\n\tat io.restassured.internal.path.json.JSONAssertion$getAsJsonObject.callCurrent(Unknown Source)\n\tat org.codehaus.groovy.runtime.callsite.CallSiteArray.defaultCallCurrent(CallSiteArray.java:49)\n\tat org.codehaus.groovy.runtime.callsite.AbstractCallSite.callCurrent(AbstractCallSite.java:171)\n\tat org.codehaus.groovy.runtime.callsite.AbstractCallSite.callCurrent(AbstractCallSite.java:185)\n\tat io.restassured.internal.path.json.JSONAssertion.getResult(JSONAssertion.groovy:28)\n\tat io.restassured.path.json.JsonPath.get(JsonPath.java:203)\n\tat io.restassured.path.json.JsonPath$get$1.call(Unknown Source)\n\tat org.codehaus.groovy.runtime.callsite.CallSiteArray.defaultCall(CallSiteArray.java:45)\n\tat org.codehaus.groovy.runtime.callsite.AbstractCallSite.call(AbstractCallSite.java:125)\n\tat org.codehaus.groovy.runtime.callsite.AbstractCallSite.call(AbstractCallSite.java:139)\n\tat io.restassured.internal.RestAssuredResponseOptionsGroovyImpl.path(RestAssuredResponseOptionsGroovyImpl.groovy:410)\n\tat io.restassured.internal.RestAssuredResponseOptionsImpl.path(RestAssuredResponseOptionsImpl.java:230)\n\tat api.tests.ui.BoardsUiTest.testCreateUiBoard(BoardsUiTest.java:32)\n\tat java.base/jdk.internal.reflect.NativeMethodAccessorImpl.invoke0(Native Method)\n\tat java.base/jdk.internal.reflect.NativeMethodAccessorImpl.invoke(NativeMethodAccessorImpl.java:77)\n\tat java.base/jdk.internal.reflect.DelegatingMethodAccessorImpl.invoke(DelegatingMethodAccessorImpl.java:43)\n\tat java.base/java.lang.reflect.Method.invoke(Method.java:568)\n\tat org.testng.internal.invokers.MethodInvocationHelper.invokeMethod(MethodInvocationHelper.java:141)\n\tat org.testng.internal.invokers.TestInvoker.invokeMethod(TestInvoker.java:686)\n\tat org.testng.internal.invokers.TestInvoker.invokeTestMethod(TestInvoker.java:230)\n\tat org.testng.internal.invokers.MethodRunner.runInSequence(MethodRunner.java:63)\n\tat org.testng.internal.invokers.TestInvoker$MethodInvocationAgent.invoke(TestInvoker.java:992)\n\tat org.testng.internal.invokers.TestInvoker.invokeTestMethods(TestInvoker.java:203)\n\tat org.testng.internal.invokers.TestMethodWorker.invokeTestMethods(TestMethodWorker.java:154)\n\tat org.testng.internal.invokers.TestMethodWorker.run(TestMethodWorker.java:134)\n\tat java.base/java.util.ArrayList.forEach(ArrayList.java:1511)\n\tat org.testng.TestRunner.privateRun(TestRunner.java:739)\n\tat org.testng.TestRunner.run(TestRunner.java:614)\n\tat org.testng.SuiteRunner.runTest(SuiteRunner.java:421)\n\tat org.testng.SuiteRunner$SuiteWorker.run(SuiteRunner.java:463)\n\tat org.testng.internal.thread.ThreadUtil.lambda$execute$0(ThreadUtil.java:64)\n\tat java.base/java.util.concurrent.FutureTask.run(FutureTask.java:264)\n\tat java.base/java.util.concurrent.ThreadPoolExecutor.runWorker(ThreadPoolExecutor.java:1136)\n\tat java.base/java.util.concurrent.ThreadPoolExecutor$Worker.run(ThreadPoolExecutor.java:635)\n\tat java.base/java.lang.Thread.run(Thread.java:840)\nCaused by: java.lang.ExceptionInInitializerError\n\tat org.codehaus.groovy.classgen.asm.WriterController.init(WriterController.java:100)\n\tat org.codehaus.groovy.classgen.AsmClassGenerator.visitClass(AsmClassGenerator.java:304)\n\tat org.codehaus.groovy.control.CompilationUnit$3.call(CompilationUnit.java:797)\n\tat org.codehaus.groovy.control.CompilationUnit$IPrimaryClassNodeOperation.doPhaseOperation(CompilationUnit.java:938)\n\t... 71 more\nCaused by: java.lang.NullPointerException: Cannot invoke \"Object.equals(Object)\" because \"this.listKeys[i]\" is null\n\tat org.codehaus.groovy.util.ListHashMap.get(ListHashMap.java:120)\n\tat org.codehaus.groovy.ast.NodeMetaDataHandler.getNodeMetaData(NodeMetaDataHandler.java:44)\n\tat org.codehaus.groovy.ast.ClassHelper.isDynamicTyped(ClassHelper.java:433)\n\tat org.codehaus.groovy.ast.Parameter.setType(Parameter.java:71)\n\tat org.codehaus.groovy.ast.Parameter.<init>(Parameter.java:43)\n\tat org.codehaus.groovy.vmplugin.v8.Java8.makeParameters(Java8.java:569)\n\tat org.codehaus.groovy.vmplugin.v8.Java8.configureClassNode(Java8.java:425)\n\tat org.codehaus.groovy.ast.ClassNode.lazyClassInit(ClassNode.java:287)\n\tat org.codehaus.groovy.ast.ClassNode.getDeclaredMethods(ClassNode.java:883)\n\tat org.codehaus.groovy.ast.ClassNode.getDeclaredMethod(ClassNode.java:909)\n\tat org.codehaus.groovy.classgen.asm.InvocationWriter.<clinit>(InvocationWriter.java:97)\n\t... 75 more\n\n1 error\n","time":{"start":1744283576052,"stop":1744283579919,"duration":3867}},{"uid":"39cac831b05426a1","reportUrl":"https://RomanBurlaka78.github.io/JavaRestAssuredTrelloApi/74//#testresult/39cac831b05426a1","status":"broken","statusDetails":"Could not start a new session. Response code 500. Message: session not created: probably user data directory is already in use, please specify a unique value for --user-data-dir argument, or don't use --user-data-dir \nHost info: host: 'fv-az2211-372', ip: '10.1.0.69'\nBuild info: version: '4.20.0', revision: '866c76ca80'\nSystem info: os.name: 'Linux', os.arch: 'amd64', os.version: '6.8.0-1021-azure', java.version: '17.0.14'\nDriver info: org.openqa.selenium.chrome.ChromeDriver\nCommand: [null, newSession {capabilities=[Capabilities {browserName: chrome, goog:chromeOptions: {args: [window-size= 1920, 1080], extensions: []}}]}]","time":{"start":1744193601348,"stop":1744193613928,"duration":12580}},{"uid":"f5b94447cdf178ca","reportUrl":"https://RomanBurlaka78.github.io/JavaRestAssuredTrelloApi/68//#testresult/f5b94447cdf178ca","status":"broken","statusDetails":"Could not start a new session. Possible causes are invalid address of the remote server or browser start-up failure. \nHost info: host: 'f136dee30499', ip: '172.18.0.2'\nBuild info: version: '4.20.0', revision: '866c76ca80'\nSystem info: os.name: 'Linux', os.arch: 'amd64', os.version: '6.8.0-1021-azure', java.version: '17.0.11'\nDriver info: org.openqa.selenium.chrome.ChromeDriver\nCommand: [null, newSession {capabilities=[Capabilities {browserName: chrome, goog:chromeOptions: {args: [window-size= 1920, 1080], extensions: []}}]}]","time":{"start":1744146247964,"stop":1744146249221,"duration":1257}},{"uid":"d4d594daa15791bf","reportUrl":"https://RomanBurlaka78.github.io/JavaRestAssuredTrelloApi/61//#testresult/d4d594daa15791bf","status":"broken","statusDetails":"Could not start a new session. Response code 500. Message: session not created: probably user data directory is already in use, please specify a unique value for --user-data-dir argument, or don't use --user-data-dir \nHost info: host: 'fv-az1384-215', ip: '10.1.0.133'\nBuild info: version: '4.20.0', revision: '866c76ca80'\nSystem info: os.name: 'Linux', os.arch: 'amd64', os.version: '6.8.0-1021-azure', java.version: '17.0.14'\nDriver info: org.openqa.selenium.chrome.ChromeDriver\nCommand: [null, newSession {capabilities=[Capabilities {browserName: chrome, goog:chromeOptions: {args: [window-size= 1920, 1080], extensions: []}}]}]","time":{"start":1744105301135,"stop":1744105303733,"duration":2598}},{"uid":"d333490839738584","reportUrl":"https://RomanBurlaka78.github.io/JavaRestAssuredTrelloApi/58//#testresult/d333490839738584","status":"broken","statusDetails":"Could not start a new session. Response code 500. Message: session not created: probably user data directory is already in use, please specify a unique value for --user-data-dir argument, or don't use --user-data-dir \nHost info: host: '8a7d4b570ffd', ip: '172.18.0.2'\nBuild info: version: '4.20.0', revision: '866c76ca80'\nSystem info: os.name: 'Linux', os.arch: 'amd64', os.version: '6.8.0-1021-azure', java.version: '17.0.11'\nDriver info: org.openqa.selenium.chrome.ChromeDriver\nCommand: [null, newSession {capabilities=[Capabilities {browserName: chrome, goog:chromeOptions: {args: [window-size= 1920, 1080], extensions: []}}]}]","time":{"start":1744103633683,"stop":1744103635169,"duration":1486}}]},"tags":["ui"]},"source":"1bb5e711f8f037f5.json","parameterValues":[]}