{"uid":"f6c185396e300b3c","name":"testCreateUiBoard","fullName":"api.tests.ui.BoardsUiTest.testCreateUiBoard","historyId":"df583828354fbf4c966a72576f17135","time":{"start":1745352379990,"stop":1745352381740,"duration":1750},"description":"Create Board","descriptionHtml":"<p>Create Board</p>\n","status":"broken","statusMessage":"Could not start a new session. Possible causes are invalid address of the remote server or browser start-up failure. \nHost info: host: 'f01d4f5f8bc0', ip: '172.18.0.2'\nBuild info: version: '4.20.0', revision: '866c76ca80'\nSystem info: os.name: 'Linux', os.arch: 'amd64', os.version: '6.8.0-1021-azure', java.version: '17.0.11'\nDriver info: org.openqa.selenium.chrome.ChromeDriver\nCommand: [null, newSession {capabilities=[Capabilities {browserName: chrome, goog:chromeOptions: {args: [--headless, --disable-gpu, --window-size=1920,1080, --no-sandbox, --disable-dev-shm-usage, --remote-allow-origins=*, --user-data-dir=/tmp/chrome...], extensions: []}}]}]","statusTrace":"org.openqa.selenium.SessionNotCreatedException: Could not start a new session. Possible causes are invalid address of the remote server or browser start-up failure. \nHost info: host: 'f01d4f5f8bc0', ip: '172.18.0.2'\nBuild info: version: '4.20.0', revision: '866c76ca80'\nSystem info: os.name: 'Linux', os.arch: 'amd64', os.version: '6.8.0-1021-azure', java.version: '17.0.11'\nDriver info: org.openqa.selenium.chrome.ChromeDriver\nCommand: [null, newSession {capabilities=[Capabilities {browserName: chrome, goog:chromeOptions: {args: [--headless, --disable-gpu, --window-size=1920,1080, --no-sandbox, --disable-dev-shm-usage, --remote-allow-origins=*, --user-data-dir=/tmp/chrome...], extensions: []}}]}]\n\tat org.openqa.selenium.remote.RemoteWebDriver.execute(RemoteWebDriver.java:536)\n\tat org.openqa.selenium.remote.RemoteWebDriver.startSession(RemoteWebDriver.java:232)\n\tat org.openqa.selenium.remote.RemoteWebDriver.<init>(RemoteWebDriver.java:161)\n\tat org.openqa.selenium.chromium.ChromiumDriver.<init>(ChromiumDriver.java:114)\n\tat org.openqa.selenium.chrome.ChromeDriver.<init>(ChromeDriver.java:88)\n\tat org.openqa.selenium.chrome.ChromeDriver.<init>(ChromeDriver.java:83)\n\tat org.openqa.selenium.chrome.ChromeDriver.<init>(ChromeDriver.java:72)\n\tat api.base.BaseUiTest.createDriver(BaseUiTest.java:42)\n\tat api.base.BaseUiTest.login(BaseUiTest.java:102)\n\tat api.controllers.ui.UiBoardSteps.verifyLoginInUI(UiBoardSteps.java:20)\n\tat api.tests.ui.BoardsUiTest.testCreateUiBoard(BoardsUiTest.java:37)\n\tat java.base/jdk.internal.reflect.NativeMethodAccessorImpl.invoke0(Native Method)\n\tat java.base/jdk.internal.reflect.NativeMethodAccessorImpl.invoke(NativeMethodAccessorImpl.java:77)\n\tat java.base/jdk.internal.reflect.DelegatingMethodAccessorImpl.invoke(DelegatingMethodAccessorImpl.java:43)\n\tat java.base/java.lang.reflect.Method.invoke(Method.java:568)\n\tat org.testng.internal.invokers.MethodInvocationHelper.invokeMethod(MethodInvocationHelper.java:141)\n\tat org.testng.internal.invokers.TestInvoker.invokeMethod(TestInvoker.java:686)\n\tat org.testng.internal.invokers.TestInvoker.invokeTestMethod(TestInvoker.java:230)\n\tat org.testng.internal.invokers.MethodRunner.runInSequence(MethodRunner.java:63)\n\tat org.testng.internal.invokers.TestInvoker$MethodInvocationAgent.invoke(TestInvoker.java:992)\n\tat org.testng.internal.invokers.TestInvoker.invokeTestMethods(TestInvoker.java:203)\n\tat org.testng.internal.invokers.TestMethodWorker.invokeTestMethods(TestMethodWorker.java:154)\n\tat org.testng.internal.invokers.TestMethodWorker.run(TestMethodWorker.java:134)\n\tat java.base/java.util.ArrayList.forEach(ArrayList.java:1511)\n\tat org.testng.TestRunner.privateRun(TestRunner.java:739)\n\tat org.testng.TestRunner.run(TestRunner.java:614)\n\tat org.testng.SuiteRunner.runTest(SuiteRunner.java:421)\n\tat org.testng.SuiteRunner.runSequentially(SuiteRunner.java:413)\n\tat org.testng.SuiteRunner.privateRun(SuiteRunner.java:373)\n\tat org.testng.SuiteRunner.run(SuiteRunner.java:312)\n\tat org.testng.SuiteRunnerWorker.runSuite(SuiteRunnerWorker.java:52)\n\tat org.testng.SuiteRunnerWorker.run(SuiteRunnerWorker.java:95)\n\tat org.testng.TestNG.runSuitesSequentially(TestNG.java:1274)\n\tat org.testng.TestNG.runSuitesLocally(TestNG.java:1208)\n\tat org.testng.TestNG.runSuites(TestNG.java:1112)\n\tat org.testng.TestNG.run(TestNG.java:1079)\n\tat org.apache.maven.surefire.testng.TestNGExecutor.run(TestNGExecutor.java:308)\n\tat org.apache.maven.surefire.testng.TestNGXmlTestSuite.execute(TestNGXmlTestSuite.java:71)\n\tat org.apache.maven.surefire.testng.TestNGProvider.invoke(TestNGProvider.java:113)\n\tat org.apache.maven.surefire.booter.ForkedBooter.runSuitesInProcess(ForkedBooter.java:385)\n\tat org.apache.maven.surefire.booter.ForkedBooter.execute(ForkedBooter.java:162)\n\tat org.apache.maven.surefire.booter.ForkedBooter.run(ForkedBooter.java:507)\n\tat org.apache.maven.surefire.booter.ForkedBooter.main(ForkedBooter.java:495)\nCaused by: java.io.UncheckedIOException: java.io.IOException: Cannot run program \"/root/.cache/selenium/chromedriver/linux64/135.0.7049.95/chromedriver\": error=2, No such file or directory\n\tat org.openqa.selenium.os.ExternalProcess$Builder.start(ExternalProcess.java:193)\n\tat org.openqa.selenium.remote.service.DriverService.start(DriverService.java:207)\n\tat org.openqa.selenium.remote.service.DriverCommandExecutor.execute(DriverCommandExecutor.java:117)\n\tat org.openqa.selenium.remote.RemoteWebDriver.execute(RemoteWebDriver.java:518)\n\t... 42 more\nCaused by: java.io.IOException: Cannot run program \"/root/.cache/selenium/chromedriver/linux64/135.0.7049.95/chromedriver\": error=2, No such file or directory\n\tat java.base/java.lang.ProcessBuilder.start(ProcessBuilder.java:1143)\n\tat java.base/java.lang.ProcessBuilder.start(ProcessBuilder.java:1073)\n\tat org.openqa.selenium.os.ExternalProcess$Builder.start(ExternalProcess.java:191)\n\t... 45 more\nCaused by: java.io.IOException: error=2, No such file or directory\n\tat java.base/java.lang.ProcessImpl.forkAndExec(Native Method)\n\tat java.base/java.lang.ProcessImpl.<init>(ProcessImpl.java:314)\n\tat java.base/java.lang.ProcessImpl.start(ProcessImpl.java:244)\n\tat java.base/java.lang.ProcessBuilder.start(ProcessBuilder.java:1110)\n\t... 47 more\n","flaky":false,"newFailed":false,"newBroken":true,"newPassed":false,"retriesCount":1,"retriesStatusChange":false,"beforeStages":[],"testStage":{"description":"Create Board","status":"broken","statusMessage":"Could not start a new session. Possible causes are invalid address of the remote server or browser start-up failure. \nHost info: host: 'f01d4f5f8bc0', ip: '172.18.0.2'\nBuild info: version: '4.20.0', revision: '866c76ca80'\nSystem info: os.name: 'Linux', os.arch: 'amd64', os.version: '6.8.0-1021-azure', java.version: '17.0.11'\nDriver info: org.openqa.selenium.chrome.ChromeDriver\nCommand: [null, newSession {capabilities=[Capabilities {browserName: chrome, goog:chromeOptions: {args: [--headless, --disable-gpu, --window-size=1920,1080, --no-sandbox, --disable-dev-shm-usage, --remote-allow-origins=*, --user-data-dir=/tmp/chrome...], extensions: []}}]}]","statusTrace":"org.openqa.selenium.SessionNotCreatedException: Could not start a new session. Possible causes are invalid address of the remote server or browser start-up failure. \nHost info: host: 'f01d4f5f8bc0', ip: '172.18.0.2'\nBuild info: version: '4.20.0', revision: '866c76ca80'\nSystem info: os.name: 'Linux', os.arch: 'amd64', os.version: '6.8.0-1021-azure', java.version: '17.0.11'\nDriver info: org.openqa.selenium.chrome.ChromeDriver\nCommand: [null, newSession {capabilities=[Capabilities {browserName: chrome, goog:chromeOptions: {args: [--headless, --disable-gpu, --window-size=1920,1080, --no-sandbox, --disable-dev-shm-usage, --remote-allow-origins=*, --user-data-dir=/tmp/chrome...], extensions: []}}]}]\n\tat org.openqa.selenium.remote.RemoteWebDriver.execute(RemoteWebDriver.java:536)\n\tat org.openqa.selenium.remote.RemoteWebDriver.startSession(RemoteWebDriver.java:232)\n\tat org.openqa.selenium.remote.RemoteWebDriver.<init>(RemoteWebDriver.java:161)\n\tat org.openqa.selenium.chromium.ChromiumDriver.<init>(ChromiumDriver.java:114)\n\tat org.openqa.selenium.chrome.ChromeDriver.<init>(ChromeDriver.java:88)\n\tat org.openqa.selenium.chrome.ChromeDriver.<init>(ChromeDriver.java:83)\n\tat org.openqa.selenium.chrome.ChromeDriver.<init>(ChromeDriver.java:72)\n\tat api.base.BaseUiTest.createDriver(BaseUiTest.java:42)\n\tat api.base.BaseUiTest.login(BaseUiTest.java:102)\n\tat api.controllers.ui.UiBoardSteps.verifyLoginInUI(UiBoardSteps.java:20)\n\tat api.tests.ui.BoardsUiTest.testCreateUiBoard(BoardsUiTest.java:37)\n\tat java.base/jdk.internal.reflect.NativeMethodAccessorImpl.invoke0(Native Method)\n\tat java.base/jdk.internal.reflect.NativeMethodAccessorImpl.invoke(NativeMethodAccessorImpl.java:77)\n\tat java.base/jdk.internal.reflect.DelegatingMethodAccessorImpl.invoke(DelegatingMethodAccessorImpl.java:43)\n\tat java.base/java.lang.reflect.Method.invoke(Method.java:568)\n\tat org.testng.internal.invokers.MethodInvocationHelper.invokeMethod(MethodInvocationHelper.java:141)\n\tat org.testng.internal.invokers.TestInvoker.invokeMethod(TestInvoker.java:686)\n\tat org.testng.internal.invokers.TestInvoker.invokeTestMethod(TestInvoker.java:230)\n\tat org.testng.internal.invokers.MethodRunner.runInSequence(MethodRunner.java:63)\n\tat org.testng.internal.invokers.TestInvoker$MethodInvocationAgent.invoke(TestInvoker.java:992)\n\tat org.testng.internal.invokers.TestInvoker.invokeTestMethods(TestInvoker.java:203)\n\tat org.testng.internal.invokers.TestMethodWorker.invokeTestMethods(TestMethodWorker.java:154)\n\tat org.testng.internal.invokers.TestMethodWorker.run(TestMethodWorker.java:134)\n\tat java.base/java.util.ArrayList.forEach(ArrayList.java:1511)\n\tat org.testng.TestRunner.privateRun(TestRunner.java:739)\n\tat org.testng.TestRunner.run(TestRunner.java:614)\n\tat org.testng.SuiteRunner.runTest(SuiteRunner.java:421)\n\tat org.testng.SuiteRunner.runSequentially(SuiteRunner.java:413)\n\tat org.testng.SuiteRunner.privateRun(SuiteRunner.java:373)\n\tat org.testng.SuiteRunner.run(SuiteRunner.java:312)\n\tat org.testng.SuiteRunnerWorker.runSuite(SuiteRunnerWorker.java:52)\n\tat org.testng.SuiteRunnerWorker.run(SuiteRunnerWorker.java:95)\n\tat org.testng.TestNG.runSuitesSequentially(TestNG.java:1274)\n\tat org.testng.TestNG.runSuitesLocally(TestNG.java:1208)\n\tat org.testng.TestNG.runSuites(TestNG.java:1112)\n\tat org.testng.TestNG.run(TestNG.java:1079)\n\tat org.apache.maven.surefire.testng.TestNGExecutor.run(TestNGExecutor.java:308)\n\tat org.apache.maven.surefire.testng.TestNGXmlTestSuite.execute(TestNGXmlTestSuite.java:71)\n\tat org.apache.maven.surefire.testng.TestNGProvider.invoke(TestNGProvider.java:113)\n\tat org.apache.maven.surefire.booter.ForkedBooter.runSuitesInProcess(ForkedBooter.java:385)\n\tat org.apache.maven.surefire.booter.ForkedBooter.execute(ForkedBooter.java:162)\n\tat org.apache.maven.surefire.booter.ForkedBooter.run(ForkedBooter.java:507)\n\tat org.apache.maven.surefire.booter.ForkedBooter.main(ForkedBooter.java:495)\nCaused by: java.io.UncheckedIOException: java.io.IOException: Cannot run program \"/root/.cache/selenium/chromedriver/linux64/135.0.7049.95/chromedriver\": error=2, No such file or directory\n\tat org.openqa.selenium.os.ExternalProcess$Builder.start(ExternalProcess.java:193)\n\tat org.openqa.selenium.remote.service.DriverService.start(DriverService.java:207)\n\tat org.openqa.selenium.remote.service.DriverCommandExecutor.execute(DriverCommandExecutor.java:117)\n\tat org.openqa.selenium.remote.RemoteWebDriver.execute(RemoteWebDriver.java:518)\n\t... 42 more\nCaused by: java.io.IOException: Cannot run program \"/root/.cache/selenium/chromedriver/linux64/135.0.7049.95/chromedriver\": error=2, No such file or directory\n\tat java.base/java.lang.ProcessBuilder.start(ProcessBuilder.java:1143)\n\tat java.base/java.lang.ProcessBuilder.start(ProcessBuilder.java:1073)\n\tat org.openqa.selenium.os.ExternalProcess$Builder.start(ExternalProcess.java:191)\n\t... 45 more\nCaused by: java.io.IOException: error=2, No such file or directory\n\tat java.base/java.lang.ProcessImpl.forkAndExec(Native Method)\n\tat java.base/java.lang.ProcessImpl.<init>(ProcessImpl.java:314)\n\tat java.base/java.lang.ProcessImpl.start(ProcessImpl.java:244)\n\tat java.base/java.lang.ProcessBuilder.start(ProcessBuilder.java:1110)\n\t... 47 more\n","steps":[{"name":"Create board with name: Board for Board","time":{"start":1745352379990,"stop":1745352380407,"duration":417},"status":"passed","steps":[],"attachments":[{"uid":"c76d682bc0bc7a0f","name":"Request","source":"c76d682bc0bc7a0f.html","type":"text/html","size":629},{"uid":"bb6f4eb700a8afd6","name":"HTTP/1.1 200 OK","source":"bb6f4eb700a8afd6.html","type":"text/html","size":7381}],"parameters":[{"name":"nameOfTheBoard","value":"Board for Board"}],"shouldDisplayMessage":false,"stepsCount":0,"attachmentsCount":2,"hasContent":true,"attachmentStep":false},{"name":"Verify board exists in Trello UI","time":{"start":1745352380458,"stop":1745352381740,"duration":1282},"status":"broken","statusMessage":"Could not start a new session. Possible causes are invalid address of the remote server or browser start-up failure. \nHost info: host: 'f01d4f5f8bc0', ip: '172.18.0.2'\nBuild info: version: '4.20.0', revision: '866c76ca80'\nSystem info: os.name: 'Linux', os.arch: 'amd64', os.version: '6.8.0-1021-azure', java.version: '17.0.11'\nDriver info: org.openqa.selenium.chrome.ChromeDriver\nCommand: [null, newSession {capabilities=[Capabilities {browserName: chrome, goog:chromeOptions: {args: [--headless, --disable-gpu, --window-size=1920,1080, --no-sandbox, --disable-dev-shm-usage, --remote-allow-origins=*, --user-data-dir=/tmp/chrome...], extensions: []}}]}]","statusTrace":"org.openqa.selenium.SessionNotCreatedException: Could not start a new session. Possible causes are invalid address of the remote server or browser start-up failure. \nHost info: host: 'f01d4f5f8bc0', ip: '172.18.0.2'\nBuild info: version: '4.20.0', revision: '866c76ca80'\nSystem info: os.name: 'Linux', os.arch: 'amd64', os.version: '6.8.0-1021-azure', java.version: '17.0.11'\nDriver info: org.openqa.selenium.chrome.ChromeDriver\nCommand: [null, newSession {capabilities=[Capabilities {browserName: chrome, goog:chromeOptions: {args: [--headless, --disable-gpu, --window-size=1920,1080, --no-sandbox, --disable-dev-shm-usage, --remote-allow-origins=*, --user-data-dir=/tmp/chrome...], extensions: []}}]}]\n\tat org.openqa.selenium.remote.RemoteWebDriver.execute(RemoteWebDriver.java:536)\n\tat org.openqa.selenium.remote.RemoteWebDriver.startSession(RemoteWebDriver.java:232)\n\tat org.openqa.selenium.remote.RemoteWebDriver.<init>(RemoteWebDriver.java:161)\n\tat org.openqa.selenium.chromium.ChromiumDriver.<init>(ChromiumDriver.java:114)\n\tat org.openqa.selenium.chrome.ChromeDriver.<init>(ChromeDriver.java:88)\n\tat org.openqa.selenium.chrome.ChromeDriver.<init>(ChromeDriver.java:83)\n\tat org.openqa.selenium.chrome.ChromeDriver.<init>(ChromeDriver.java:72)\n\tat api.base.BaseUiTest.createDriver(BaseUiTest.java:42)\n\tat api.base.BaseUiTest.login(BaseUiTest.java:102)\n\tat api.controllers.ui.UiBoardSteps.verifyLoginInUI(UiBoardSteps.java:20)\n\tat api.tests.ui.BoardsUiTest.testCreateUiBoard(BoardsUiTest.java:37)\n\tat java.base/jdk.internal.reflect.NativeMethodAccessorImpl.invoke0(Native Method)\n\tat java.base/jdk.internal.reflect.NativeMethodAccessorImpl.invoke(NativeMethodAccessorImpl.java:77)\n\tat java.base/jdk.internal.reflect.DelegatingMethodAccessorImpl.invoke(DelegatingMethodAccessorImpl.java:43)\n\tat java.base/java.lang.reflect.Method.invoke(Method.java:568)\n\tat org.testng.internal.invokers.MethodInvocationHelper.invokeMethod(MethodInvocationHelper.java:141)\n\tat org.testng.internal.invokers.TestInvoker.invokeMethod(TestInvoker.java:686)\n\tat org.testng.internal.invokers.TestInvoker.invokeTestMethod(TestInvoker.java:230)\n\tat org.testng.internal.invokers.MethodRunner.runInSequence(MethodRunner.java:63)\n\tat org.testng.internal.invokers.TestInvoker$MethodInvocationAgent.invoke(TestInvoker.java:992)\n\tat org.testng.internal.invokers.TestInvoker.invokeTestMethods(TestInvoker.java:203)\n\tat org.testng.internal.invokers.TestMethodWorker.invokeTestMethods(TestMethodWorker.java:154)\n\tat org.testng.internal.invokers.TestMethodWorker.run(TestMethodWorker.java:134)\n\tat java.base/java.util.ArrayList.forEach(ArrayList.java:1511)\n\tat org.testng.TestRunner.privateRun(TestRunner.java:739)\n\tat org.testng.TestRunner.run(TestRunner.java:614)\n\tat org.testng.SuiteRunner.runTest(SuiteRunner.java:421)\n\tat org.testng.SuiteRunner.runSequentially(SuiteRunner.java:413)\n\tat org.testng.SuiteRunner.privateRun(SuiteRunner.java:373)\n\tat org.testng.SuiteRunner.run(SuiteRunner.java:312)\n\tat org.testng.SuiteRunnerWorker.runSuite(SuiteRunnerWorker.java:52)\n\tat org.testng.SuiteRunnerWorker.run(SuiteRunnerWorker.java:95)\n\tat org.testng.TestNG.runSuitesSequentially(TestNG.java:1274)\n\tat org.testng.TestNG.runSuitesLocally(TestNG.java:1208)\n\tat org.testng.TestNG.runSuites(TestNG.java:1112)\n\tat org.testng.TestNG.run(TestNG.java:1079)\n\tat org.apache.maven.surefire.testng.TestNGExecutor.run(TestNGExecutor.java:308)\n\tat org.apache.maven.surefire.testng.TestNGXmlTestSuite.execute(TestNGXmlTestSuite.java:71)\n\tat org.apache.maven.surefire.testng.TestNGProvider.invoke(TestNGProvider.java:113)\n\tat org.apache.maven.surefire.booter.ForkedBooter.runSuitesInProcess(ForkedBooter.java:385)\n\tat org.apache.maven.surefire.booter.ForkedBooter.execute(ForkedBooter.java:162)\n\tat org.apache.maven.surefire.booter.ForkedBooter.run(ForkedBooter.java:507)\n\tat org.apache.maven.surefire.booter.ForkedBooter.main(ForkedBooter.java:495)\nCaused by: java.io.UncheckedIOException: java.io.IOException: Cannot run program \"/root/.cache/selenium/chromedriver/linux64/135.0.7049.95/chromedriver\": error=2, No such file or directory\n\tat org.openqa.selenium.os.ExternalProcess$Builder.start(ExternalProcess.java:193)\n\tat org.openqa.selenium.remote.service.DriverService.start(DriverService.java:207)\n\tat org.openqa.selenium.remote.service.DriverCommandExecutor.execute(DriverCommandExecutor.java:117)\n\tat org.openqa.selenium.remote.RemoteWebDriver.execute(RemoteWebDriver.java:518)\n\t... 42 more\nCaused by: java.io.IOException: Cannot run program \"/root/.cache/selenium/chromedriver/linux64/135.0.7049.95/chromedriver\": error=2, No such file or directory\n\tat java.base/java.lang.ProcessBuilder.start(ProcessBuilder.java:1143)\n\tat java.base/java.lang.ProcessBuilder.start(ProcessBuilder.java:1073)\n\tat org.openqa.selenium.os.ExternalProcess$Builder.start(ExternalProcess.java:191)\n\t... 45 more\nCaused by: java.io.IOException: error=2, No such file or directory\n\tat java.base/java.lang.ProcessImpl.forkAndExec(Native Method)\n\tat java.base/java.lang.ProcessImpl.<init>(ProcessImpl.java:314)\n\tat java.base/java.lang.ProcessImpl.start(ProcessImpl.java:244)\n\tat java.base/java.lang.ProcessBuilder.start(ProcessBuilder.java:1110)\n\t... 47 more\n","steps":[],"attachments":[],"parameters":[],"shouldDisplayMessage":true,"stepsCount":0,"attachmentsCount":0,"hasContent":true,"attachmentStep":false}],"attachments":[],"parameters":[],"shouldDisplayMessage":false,"stepsCount":2,"attachmentsCount":2,"hasContent":true,"attachmentStep":false},"afterStages":[],"labels":[{"name":"package","value":"api.tests.ui.BoardsUiTest"},{"name":"testClass","value":"api.tests.ui.BoardsUiTest"},{"name":"testMethod","value":"testCreateUiBoard"},{"name":"parentSuite","value":"All test"},{"name":"suite","value":"Test UI with xml"},{"name":"subSuite","value":"api.tests.ui.BoardsUiTest"},{"name":"host","value":"f01d4f5f8bc0"},{"name":"thread","value":"82@f01d4f5f8bc0.main(1)"},{"name":"framework","value":"testng"},{"name":"language","value":"java"},{"name":"story","value":"Board"},{"name":"epic","value":"UI Tests"},{"name":"owner","value":"Group JavaForwardToOffer"},{"name":"tag","value":"ui"},{"name":"feature","value":"Board Validation"},{"name":"severity","value":"critical"},{"name":"resultFormat","value":"allure2"}],"parameters":[],"links":[],"hidden":false,"retry":false,"extra":{"severity":"critical","owner":"Group JavaForwardToOffer","retries":[{"uid":"1d42f134428393dc","status":"broken","statusDetails":"Cannot invoke \"Object.toString()\" because the return value of \"io.restassured.response.Response.path(String, String[])\" is null","time":{"start":1745352379598,"stop":1745352379738,"duration":140}}],"categories":[{"name":"Test defects","matchedStatuses":[],"flaky":false}],"history":{"statistic":{"failed":3,"broken":25,"skipped":0,"passed":20,"unknown":0,"total":48},"items":[{"uid":"7635ff78c99dd605","reportUrl":"https://RomanBurlaka78.github.io/JavaRestAssuredTrelloApi/158//#testresult/7635ff78c99dd605","status":"passed","time":{"start":1745345162234,"stop":1745345166896,"duration":4662}},{"uid":"d9a992a1f43de012","reportUrl":"https://RomanBurlaka78.github.io/JavaRestAssuredTrelloApi/156//#testresult/d9a992a1f43de012","status":"passed","time":{"start":1745321094004,"stop":1745321099297,"duration":5293}},{"uid":"f15578a9fe948b95","reportUrl":"https://RomanBurlaka78.github.io/JavaRestAssuredTrelloApi/155//#testresult/f15578a9fe948b95","status":"passed","time":{"start":1745320906656,"stop":1745320912228,"duration":5572}},{"uid":"2eddd1c5f3c8174c","reportUrl":"https://RomanBurlaka78.github.io/JavaRestAssuredTrelloApi/154//#testresult/2eddd1c5f3c8174c","status":"passed","time":{"start":1745000514597,"stop":1745000526535,"duration":11938}},{"uid":"a32e96a04b227caf","reportUrl":"https://RomanBurlaka78.github.io/JavaRestAssuredTrelloApi/153//#testresult/a32e96a04b227caf","status":"passed","time":{"start":1745000057053,"stop":1745000062412,"duration":5359}},{"uid":"f558eb0b81df4ca0","reportUrl":"https://RomanBurlaka78.github.io/JavaRestAssuredTrelloApi/151//#testresult/f558eb0b81df4ca0","status":"passed","time":{"start":1744998281700,"stop":1744998296930,"duration":15230}},{"uid":"66de9120b7a5c230","reportUrl":"https://RomanBurlaka78.github.io/JavaRestAssuredTrelloApi/151//#testresult/66de9120b7a5c230","status":"broken","statusDetails":"Cannot determine which path implementation to use because the content-type text/plain; charset=utf-8 doesn't map to a path implementation.","time":{"start":1744996755437,"stop":1744996758083,"duration":2646}},{"uid":"e9367eed063e17cb","reportUrl":"https://RomanBurlaka78.github.io/JavaRestAssuredTrelloApi/151//#testresult/e9367eed063e17cb","status":"broken","statusDetails":"Cannot determine which path implementation to use because the content-type text/plain; charset=utf-8 doesn't map to a path implementation.","time":{"start":1744921311100,"stop":1744921313666,"duration":2566}},{"uid":"686ae2e68db21c44","reportUrl":"https://RomanBurlaka78.github.io/JavaRestAssuredTrelloApi/136//#testresult/686ae2e68db21c44","status":"broken","statusDetails":"Cannot determine which path implementation to use because the content-type text/plain; charset=utf-8 doesn't map to a path implementation.","time":{"start":1744713845046,"stop":1744713846510,"duration":1464}},{"uid":"3621e76770564dcb","reportUrl":"https://RomanBurlaka78.github.io/JavaRestAssuredTrelloApi/135//#testresult/3621e76770564dcb","status":"passed","time":{"start":1744638645010,"stop":1744638666419,"duration":21409}},{"uid":"3c35043855514143","reportUrl":"https://RomanBurlaka78.github.io/JavaRestAssuredTrelloApi/134//#testresult/3c35043855514143","status":"passed","time":{"start":1744638474901,"stop":1744638507493,"duration":32592}},{"uid":"1e454046783ce693","reportUrl":"https://RomanBurlaka78.github.io/JavaRestAssuredTrelloApi/132//#testresult/1e454046783ce693","status":"passed","time":{"start":1744632828034,"stop":1744632837539,"duration":9505}},{"uid":"c5bffb1efbc6d3c0","reportUrl":"https://RomanBurlaka78.github.io/JavaRestAssuredTrelloApi/131//#testresult/c5bffb1efbc6d3c0","status":"passed","time":{"start":1744632608948,"stop":1744632616895,"duration":7947}},{"uid":"a1a60262b9e5ef0a","reportUrl":"https://RomanBurlaka78.github.io/JavaRestAssuredTrelloApi/130//#testresult/a1a60262b9e5ef0a","status":"passed","time":{"start":1744629573570,"stop":1744629582102,"duration":8532}},{"uid":"a2f7055e6c827d8f","reportUrl":"https://RomanBurlaka78.github.io/JavaRestAssuredTrelloApi/129//#testresult/a2f7055e6c827d8f","status":"passed","time":{"start":1744629300968,"stop":1744629309712,"duration":8744}},{"uid":"3ba1113d415a3a52","reportUrl":"https://RomanBurlaka78.github.io/JavaRestAssuredTrelloApi/128//#testresult/3ba1113d415a3a52","status":"passed","time":{"start":1744497363554,"stop":1744497394566,"duration":31012}},{"uid":"9c8febd3b3ea3b1d","reportUrl":"https://RomanBurlaka78.github.io/JavaRestAssuredTrelloApi/127//#testresult/9c8febd3b3ea3b1d","status":"passed","time":{"start":1744496759314,"stop":1744496767573,"duration":8259}},{"uid":"c46ee86429bfd4","reportUrl":"https://RomanBurlaka78.github.io/JavaRestAssuredTrelloApi/124//#testresult/c46ee86429bfd4","status":"passed","time":{"start":1744386058936,"stop":1744386067488,"duration":8552}},{"uid":"6080055ee7f53b69","reportUrl":"https://RomanBurlaka78.github.io/JavaRestAssuredTrelloApi/123//#testresult/6080055ee7f53b69","status":"passed","time":{"start":1744385880539,"stop":1744385888370,"duration":7831}},{"uid":"25aa5aacd68612bb","reportUrl":"https://RomanBurlaka78.github.io/JavaRestAssuredTrelloApi/122//#testresult/25aa5aacd68612bb","status":"passed","time":{"start":1744372418995,"stop":1744372427282,"duration":8287}}]},"tags":["ui"]},"source":"f6c185396e300b3c.json","parameterValues":[]}